INFO - 2017-03-06 22:20:39 - reg@jobsly.net logged in
INFO - 2017-03-06 22:27:15 - reg@jobsly.net logged in
INFO - 2017-03-06 23:12:41 - reg@jobsly.net logged in
INFO - 2017-03-06 23:13:23 - reg@jobsly.net logged in
INFO - 2017-03-06 23:13:32 - reg@jobsly.net logged in
INFO - 2017-03-06 23:14:28 - reg@jobsly.net logged in
INFO - 2017-03-06 23:14:57 - reg@jobsly.net logged in
INFO - 2017-03-06 23:15:10 - reg@jobsly.net logged in
ERROR - 2017-03-06 23:15:48 - reg@jobsly.net #0 C:\xampp\htdocs\jobsly\dashboard\Database.php(59): PDOStatement->execute()
#1 C:\xampp\htdocs\jobsly\dashboard\Database.php(72): Database->execute()
#2 C:\xampp\htdocs\jobsly\dashboard\jobseeker-latestjobs.php(48): Database->resultset()
#3 {main} SQLSTATE[42000]: Syntax error or access violation: 1064 You have an error in your SQL syntax; check the manual that corresponds to your MariaDB server version for the right syntax to use near '%'java'% or jobdesc like %'java'%  order by dateadded desc limit 0,12' at line 1
INFO - 2017-03-06 23:18:13 - reg@jobsly.net logged in
ERROR - 2017-03-06 23:18:22 - reg@jobsly.net #0 C:\xampp\htdocs\jobsly\dashboard\Database.php(59): PDOStatement->execute()
#1 C:\xampp\htdocs\jobsly\dashboard\Database.php(72): Database->execute()
#2 C:\xampp\htdocs\jobsly\dashboard\jobseeker-latestjobs.php(48): Database->resultset()
#3 {main} SQLSTATE[42000]: Syntax error or access violation: 1064 You have an error in your SQL syntax; check the manual that corresponds to your MariaDB server version for the right syntax to use near '%'java'% or jobdesc like %'java'%  order by dateadded desc limit 0,12' at line 1
INFO - 2017-03-06 23:21:07 - reg@jobsly.net logged in
INFO - 2017-03-06 23:22:47 - reg@jobsly.net logged in
ERROR - 2017-03-06 23:23:02 - reg@jobsly.net #0 C:\xampp\htdocs\jobsly\dashboard\Database.php(59): PDOStatement->execute()
#1 C:\xampp\htdocs\jobsly\dashboard\Database.php(72): Database->execute()
#2 C:\xampp\htdocs\jobsly\dashboard\jobseeker-latestjobs.php(49): Database->resultset()
#3 {main} SQLSTATE[42S22]: Column not found: 1054 Unknown column 'minsalary' in 'where clause'
INFO - 2017-03-06 23:23:47 - reg@jobsly.net logged in
INFO - 2017-03-06 23:28:04 - reg@jobsly.net logged in
INFO - 2017-03-06 23:28:07 - reg@jobsly.net 
INFO - 2017-03-06 23:28:15 - reg@jobsly.net  (jobtitle like :search or jobdesc like :search) and  msalary >= :esalary 
INFO - 2017-03-06 23:49:11 - reg@jobsly.net logged in
INFO - 2017-03-06 23:49:13 - reg@jobsly.net 
INFO - 2017-03-06 23:49:21 - reg@jobsly.net  (jobtitle like :search or jobdesc like :search) and  msalary <= :esalary and maxsalary >= :esalary 
INFO - 2017-03-06 23:49:32 - reg@jobsly.net  msalary <= :esalary and maxsalary >= :esalary 
INFO - 2017-03-06 23:50:00 - reg@jobsly.net  (jobtitle like :search or jobdesc like :search) 
INFO - 2017-03-06 23:53:03 - reg@jobsly.net logged in
INFO - 2017-03-06 23:53:05 - reg@jobsly.net 
INFO - 2017-03-06 23:53:13 - reg@jobsly.net logged in
INFO - 2017-03-06 23:53:17 - reg@jobsly.net 
INFO - 2017-03-06 23:53:53 - reg@jobsly.net  (jobtitle like :search or jobdesc like :search) 
