INFO - 2017-05-17 00:19:21 - reggie1@gmail.com logged in
INFO - 2017-05-17 00:19:42 - bambam@gmail.com logged in
INFO - 2017-05-17 00:21:31 - reggie1@gmail.com logged in
INFO - 2017-05-17 00:22:35 - reggie1@gmail.com logged in
INFO - 2017-05-17 00:22:58 - bambam@gmail.com full registration submit update
INFO - 2017-05-17 00:23:16 - bambam@gmail.com full registration submit update
INFO - 2017-05-17 00:23:38 - reggie1@gmail.com logged in
INFO - 2017-05-17 00:23:41 - reggie1@gmail.com logged in
INFO - 2017-05-17 00:23:54 - reggie1@gmail.com logged in
INFO - 2017-05-17 00:24:54 - bambam@gmail.com logged in
INFO - 2017-05-17 00:28:46 - reggie1@gmail.com logged in
INFO - 2017-05-17 00:28:53 - reggie1@gmail.com logged in
INFO - 2017-05-17 00:31:57 - reggie1@gmail.com logged in
INFO - 2017-05-17 00:33:02 - reggie1@gmail.com logged in
INFO - 2017-05-17 00:35:53 - reggie1@gmail.com logged in
INFO - 2017-05-17 00:58:41 - reggie1@gmail.com logged in
INFO - 2017-05-17 01:02:47 - reggie1@gmail.com logged in
INFO - 2017-05-17 01:02:48 - reggie1@gmail.com logged in
ERROR - userid 28 wrong link on viewinviteresume
INFO - 2017-05-17 01:07:11 - reggie1@gmail.com logged in
ERROR - userid 28 wrong link on viewinviteresume
INFO - 2017-05-17 01:08:11 - reggie1@gmail.com logged in
INFO - 2017-05-17 01:52:53 - reggie1@gmail.com shortlisted to1 
INFO - 2017-05-17 01:53:15 - reggie1@gmail.com shortlisted to0 
INFO - 2017-05-17 22:25:13 - reggie@jobsly.net logged in
INFO - 2017-05-17 22:35:37 - reggie@jobsly.net logged in
INFO - 2017-05-17 22:35:48 - reggie@jobsly.net logged in
INFO - 2017-05-17 23:03:36 - reggie@jobsly.net logged in
INFO - 2017-05-17 23:16:10 - reggie@jobsly.net logged in
INFO - 2017-05-17 23:18:19 - reggie@jobsly.net logged in
INFO - 2017-05-17 23:19:07 - reggie@jobsly.net logged in
INFO - 2017-05-17 23:19:08 - reggie@jobsly.net logged in
INFO - 2017-05-17 23:19:49 - reggie@jobsly.net logged in
INFO - 2017-05-17 23:28:06 - reggie@jobsly.net logged in
INFO - 2017-05-17 23:29:09 - reggie@jobsly.net logged in
INFO - 2017-05-17 23:29:44 - reggie@jobsly.net logged in
INFO - 2017-05-17 23:30:26 - reggie@jobsly.net logged in
INFO - 2017-05-17 23:31:19 - reggie@jobsly.net logged in
INFO - 2017-05-17 23:31:46 - reggie@jobsly.net logged in
INFO - 2017-05-17 23:32:24 - reggie@jobsly.net logged in
INFO - 2017-05-17 23:33:01 - reggie@jobsly.net logged in
INFO - 2017-05-17 23:33:07 - reggie@jobsly.net logged in
INFO - 2017-05-17 23:33:25 - sam@jobsly.net logged in
INFO - 2017-05-17 23:34:12 - reggie@jobsly.net logged in
INFO - 2017-05-17 23:34:25 - sam@jobsly.net logged in
INFO - 2017-05-17 23:34:27 - sam@jobsly.net logged in
INFO - 2017-05-17 23:34:36 - reggie@jobsly.net logged in
INFO - 2017-05-17 23:34:46 - sam@jobsly.net logged in
INFO - 2017-05-17 23:37:29 - reggie@jobsly.net logged in
INFO - 2017-05-17 23:38:04 - reggie@jobsly.net logged in
INFO - 2017-05-17 23:44:25 - reg@jobsly.net logged in
INFO - 2017-05-17 23:44:55 - reg@jobsly.net logged in
INFO - 2017-05-17 23:45:10 - reg@jobsly.net logged in
INFO - 2017-05-17 23:45:40 - reg@jobsly.net logged in
INFO - search= 0 
INFO - search= 0 
INFO - search= 0 
INFO - search= 0 
INFO - search= 0 
INFO - search= 0 
INFO - search= 0 
