INFO - 2017-03-26 13:33:38 - reg@jobsly.net logged in
INFO - 2017-03-26 13:35:41 - reg@jobsly.net logged in
INFO - 2017-03-26 13:37:39 - reggie1@gmail.com logged in
INFO - 2017-03-26 13:39:20 - reggie1@gmail.com logged in
INFO - 2017-03-26 13:39:44 - reggie1@gmail.com logged in
INFO - 2017-03-26 13:39:52 - reggie1@gmail.com logged in
INFO - 2017-03-26 13:52:17 - reggie1@gmail.com logged in
INFO - 2017-03-26 13:56:28 - reggie1@gmail.com logged in
INFO - 2017-03-26 13:57:35 - reggie1@gmail.com logged in
INFO - 2017-03-26 13:59:21 - reggie1@gmail.com logged in
INFO - 2017-03-26 13:59:30 - reggie1@gmail.com logged in
INFO - 2017-03-26 14:03:41 - reggie1@gmail.com logged in
INFO - 2017-03-26 14:06:27 - reggie1@gmail.com logged in
INFO - 2017-03-26 14:16:16 - reggie1@gmail.com logged in
INFO - 2017-03-26 14:21:23 - reggie1@gmail.com logged in
INFO - 2017-03-26 14:24:40 - reggie1@gmail.com logged in
INFO - 2017-03-26 14:45:50 - reggie1@gmail.com logged in
INFO - 2017-03-26 14:53:58 - reggie1@gmail.com logged in
INFO - 2017-03-26 14:58:34 - reggie1@gmail.com logged in
INFO - 2017-03-26 15:00:29 - reggie1@gmail.com logged in
INFO - 2017-03-26 15:11:30 - reggie1@gmail.com shortlisted to1 
INFO - 2017-03-26 15:12:53 - reggie1@gmail.com logged in
INFO - 2017-03-26 15:13:03 - reggie1@gmail.com logged in
INFO - 2017-03-26 15:13:10 - reggie1@gmail.com logged in
INFO - 2017-03-26 15:26:54 - reggie1@gmail.com logged in
INFO - 2017-03-26 15:26:56 - reggie1@gmail.com logged in
INFO - 2017-03-26 15:33:21 - reggie1@gmail.com logged in
INFO - 2017-03-26 15:34:56 - reggie1@gmail.com logged in
INFO - 2017-03-26 15:36:38 - reggie1@gmail.com logged in
INFO - 2017-03-26 16:02:02 - reggie1@gmail.com logged in
INFO - 2017-03-26 16:02:10 - reggie1@gmail.com logged in
INFO - 2017-03-26 16:08:55 - reggie1@gmail.com logged in
INFO - 2017-03-26 16:09:45 - reggie1@gmail.com logged in
INFO - 2017-03-26 16:09:47 - reggie1@gmail.com logged in
INFO - 2017-03-26 16:16:02 - reggie1@gmail.com logged in
INFO - 2017-03-26 16:18:08 - reggie1@gmail.com logged in
INFO - 2017-03-26 16:18:24 - reggie1@gmail.com logged in
INFO - 2017-03-26 16:21:58 - reggie1@gmail.com logged in
INFO - 2017-03-26 21:19:33 - reggie1@gmail.com logged in
INFO - 2017-03-26 21:27:43 - reggie1@gmail.com logged in
INFO - 2017-03-26 21:48:46 - reggie1@gmail.com logged in
INFO - 2017-03-26 21:49:05 - reggie1@gmail.com logged in
INFO - 2017-03-26 21:50:47 - reggie1@gmail.com logged in
INFO - 2017-03-26 21:51:11 - reggie1@gmail.com logged in
INFO - 2017-03-26 21:53:24 - reggie1@gmail.com logged in
INFO - 2017-03-26 21:57:59 - reggie1@gmail.com logged in
INFO - 2017-03-26 22:03:14 - reggie1@gmail.com logged in
INFO - 2017-03-26 22:07:08 - reggie1@gmail.com logged in
INFO - 2017-03-26 22:15:54 - reggie1@gmail.com invite to apply 
INFO - 2017-03-26 22:25:19 - reggie1@gmail.com logged in
INFO - 2017-03-26 22:27:00 - reggie1@gmail.com logged in
INFO - 2017-03-26 22:27:10 - reggie1@gmail.com logged in
INFO - 2017-03-26 22:34:07 - reggie1@gmail.com logged in
INFO - 2017-03-26 22:35:06 - reggie1@gmail.com shortlisted to1 
INFO - 2017-03-26 22:35:12 - reggie1@gmail.com shortlisted to0 
INFO - 2017-03-26 22:43:20 - reggie1@gmail.com logged in
INFO - 2017-03-26 22:44:02 - reggie1@gmail.com logged in
INFO - 2017-03-26 22:44:04 - reggie1@gmail.com logged in
INFO - 2017-03-26 22:44:50 - reggie1@gmail.com shortlisted to0 
INFO - 2017-03-26 22:44:59 - reggie1@gmail.com shortlisted to1 
INFO - 2017-03-26 22:45:04 - reggie1@gmail.com shortlisted to0 
INFO - 2017-03-26 22:55:39 - reggie1@gmail.com logged in
INFO - 2017-03-26 22:58:53 - reggie1@gmail.com logged in
INFO - 2017-03-26 23:07:57 - reggie1@gmail.com shortlisted to1 
INFO - 2017-03-26 23:08:37 - reggie1@gmail.com shortlisted to0 
INFO - 2017-03-26 23:11:16 - reggie1@gmail.com shortlisted to1 
INFO - 2017-03-26 23:12:16 - reggie1@gmail.com shortlisted to0 
INFO - 2017-03-26 23:18:45 - reggie1@gmail.com shortlisted to1 
INFO - 2017-03-26 23:20:33 - reggie1@gmail.com logged in
INFO - 2017-03-26 23:26:47 - reggie@jobsly.net logged in
INFO - 2017-03-26 23:28:15 - reggie@jobsly.net approved jobid=116
INFO - 2017-03-26 23:28:26 - reggie@jobsly.net logged in
INFO - 2017-03-26 23:47:30 - reggie@jobsly.net logged in
INFO - 2017-03-26 23:47:53 - reggie@jobsly.net logged in
INFO - 2017-03-26 23:54:32 - reggie@jobsly.net logged in
