INFO - 2017-04-05 16:43:38 - sam@jobsly.net logged in
INFO - 2017-04-05 16:44:36 - sam@jobsly.net logged in
INFO - 2017-04-05 17:07:31 - sam@jobsly.net logged in
INFO - 2017-04-05 17:07:40 - sam@jobsly.net logged in
INFO - 2017-04-05 17:07:52 - sam@jobsly.net logged in
INFO - 2017-04-05 17:07:57 - sam@jobsly.net logged in
INFO - 2017-04-05 17:10:02 - sam@jobsly.net deactivate 116
INFO - 2017-04-05 17:10:03 - sam@jobsly.net activate 116
INFO - 2017-04-05 17:10:18 - sam@jobsly.net activate 50
INFO - 2017-04-05 17:10:19 - sam@jobsly.net deactivate 50
INFO - 2017-04-05 17:14:19 - sam@jobsly.net upload logo 
INFO - 2017-04-05 17:14:32 - sam@jobsly.net activate 50
INFO - 2017-04-05 17:14:36 - sam@jobsly.net full registration submit update
INFO - 2017-04-05 17:15:19 - dro@gmail.com logged in
INFO - 2017-04-05 17:17:47 - sam@jobsly.net logged in
INFO - 2017-04-05 17:17:53 - dro@gmail.com logged in
INFO - 2017-04-05 17:18:11 - dro@gmail.com logged in
INFO - 2017-04-05 18:27:51 - dro@gmail.com jobad insert
INFO - 2017-04-05 18:31:07 - sam@jobsly.net approved jobid=120
INFO - 2017-04-05 18:32:20 - dro@gmail.com logged in
INFO - 2017-04-05 18:32:22 - dro@gmail.com logged in
INFO - 2017-04-05 18:34:59 - dro@gmail.com logged in
INFO - 2017-04-05 18:37:00 - dro@gmail.com logged in
INFO - 2017-04-05 18:39:56 - goldie@gmail.com logged in
INFO - 2017-04-05 18:46:27 - goldie@gmail.com workexperience insert 0
INFO - 2017-04-05 22:31:17 - reg@jobsly.net logged in
INFO - 2017-04-05 23:21:26 - reggie1@gmail.com logged in
INFO - 2017-04-05 23:22:07 - reggie1@gmail.com full registration submit update
INFO - 2017-04-05 23:22:22 - reg@jobsly.net logged in
INFO - 2017-04-05 23:24:39 - reggie1@gmail.com logged in
INFO - 2017-04-05 23:36:06 - reggie1@gmail.com jobad update
