INFO - 2017-02-21 00:17:07 - reggie1@gmail.com logged in
INFO - 2017-02-21 00:17:29 - reggie1@gmail.com logged in
INFO - 2017-02-21 00:21:39 - reggie1@gmail.com logged in
INFO - 2017-02-21 00:21:53 - reggie1@gmail.com logged in
INFO - 2017-02-21 00:22:21 - reggie1@gmail.com logged in
INFO - 2017-02-21 00:22:31 - reggie1@gmail.com logged in
INFO - 2017-02-21 00:22:45 - reggie1@gmail.com logged in
INFO - 2017-02-21 00:22:55 - reggie1@gmail.com logged in
INFO - 2017-02-21 00:23:38 -  insert jobskill 
INFO - 2017-02-21 00:36:51 -  insert jobskill 
INFO - 2017-02-21 00:37:10 -  insert jobskill 
INFO - 2017-02-21 00:38:17 -  insert jobskill 
INFO - 2017-02-21 00:38:48 -  insert jobskill 
INFO - 2017-02-21 00:40:58 -  insert jobskill 
INFO - 2017-02-21 00:55:33 -  insert jobskill 
INFO - 2017-02-21 00:58:20 -  insert jobskill 
INFO - 2017-02-21 01:02:11 -  insert jobskill 
INFO - 2017-02-21 01:03:14 -  jobad update
INFO - 2017-02-21 01:04:18 -  jobad update
INFO - 2017-02-21 01:10:35 - reggie1@gmail.com jobad update
INFO - 2017-02-21 01:12:23 - reggie1@gmail.com jobad update
INFO -  -  jobad update
INFO - 2017-02-21 01:31:41 -  jobad update
INFO - 2017-02-21 01:32:26 - reggie1@gmail.com jobad update
INFO - 2017-02-21 01:37:38 - reggie1@gmail.com jobad update
INFO - 2017-02-21 01:39:24 - reggie1@gmail.com jobad update
INFO - 2017-02-21 01:41:04 - reggie1@gmail.com jobad update
INFO - 2017-02-21 01:46:12 - reggie1@gmail.com jobad update
INFO - 2017-02-21 01:47:31 - reggie1@gmail.com jobad update
INFO - 2017-02-21 01:47:38 - reggie1@gmail.com insert jobskill 
INFO - 2017-02-21 01:50:11 - reggie1@gmail.com jobad update
INFO - 2017-02-21 01:50:16 -  jobad insert
INFO - 2017-02-21 01:51:05 - reggie1@gmail.com jobad update
INFO - 2017-02-21 01:51:09 - reggie1@gmail.com jobad insert
INFO - 2017-02-21 01:51:50 - reggie1@gmail.com jobad update
INFO - 2017-02-21 01:52:10 - reggie1@gmail.com jobad update
INFO - 2017-02-21 01:55:16 - reggie1@gmail.com jobad insert
INFO - 2017-02-21 01:55:16 - reggie1@gmail.com jobskills insert
INFO - 2017-02-21 01:55:16 - reggie1@gmail.com jobskills insert
INFO - 2017-02-21 01:55:16 - reggie1@gmail.com jobskills insert
INFO - 2017-02-21 01:55:35 - reggie1@gmail.com jobad update
INFO - 2017-02-21 01:55:44 - reggie1@gmail.com jobad insert
INFO - 2017-02-21 01:56:29 - reggie1@gmail.com jobad update
INFO - 2017-02-21 02:08:56 - reggie1@gmail.com jobad update
INFO - 2017-02-21 02:16:28 - reggie1@gmail.com jobad update
INFO - 2017-02-21 02:16:33 - reggie1@gmail.com jobad update
INFO - 2017-02-21 02:17:00 - reggie1@gmail.com jobad update
INFO - 2017-02-21 02:17:50 - reggie1@gmail.com jobad update
INFO - 2017-02-21 02:56:24 - reggie1@gmail.com jobad update
INFO - 2017-02-21 02:56:31 - reggie1@gmail.com jobad insert
INFO - 2017-02-21 02:57:23 - reggie1@gmail.com jobad insert
