INFO - 2017-05-09 00:03:28 - reg@jobsly.net logged in
INFO - 2017-05-09 00:04:21 - reg@jobsly.net logged in
INFO - 2017-05-09 00:11:23 - reg@jobsly.net logged in
INFO - 2017-05-09 00:11:24 - reg@jobsly.net logged in
INFO - 2017-05-09 00:16:26 - reg@jobsly.net logged in
INFO - 2017-05-09 00:16:28 - reg@jobsly.net logged in
INFO - 2017-05-09 20:32:31 - goldie@gmail.com logged in
INFO - 2017-05-09 20:33:08 - goldie@gmail.com logged
INFO - 2017-05-09 20:33:21 - goldie@gmail.com logged
INFO - 2017-05-09 20:49:27 - sam@jobsly.net logged in
INFO - 2017-05-09 20:50:14 - sam@jobsly.net activate jobseeker 33
INFO - 2017-05-09 20:50:16 - sam@jobsly.net deactivate jobseeker 33
INFO - 2017-05-09 21:44:23 - goldie@gmail.com logged in
INFO - 2017-05-09 21:44:32 - goldie@gmail.com logged in
INFO - 2017-05-09 21:44:44 - goldie@gmail.com logged in
INFO - 2017-05-09 21:45:45 - bambam@gmail.com logged in
INFO - 2017-05-09 21:46:30 - goldie@gmail.com logged in
INFO - 2017-05-09 21:46:55 - goldie@gmail.com logged in
INFO - 2017-05-09 21:55:41 - bambam@gmail.com logged in
INFO - 2017-05-09 22:06:32 - bambam@gmail.com logged in
INFO - 2017-05-09 22:08:13 - sam@jobsly.net logged in
