INFO - 2017-04-09 17:23:50 - reggie@jobsly.net logged in
INFO - 2017-04-09 17:40:07 - reggie@jobsly.net logged in
INFO - 2017-04-09 17:40:08 - reggie@jobsly.net logged in
INFO - 2017-04-09 17:40:34 - reggie@jobsly.net logged in
INFO - 2017-04-09 17:46:04 - reggie@jobsly.net logged in
INFO - 2017-04-09 17:46:05 - reggie@jobsly.net logged in
INFO - 2017-04-09 17:50:35 - reggie@jobsly.net logged in
INFO - 2017-04-09 17:57:04 - reggie@jobsly.net logged in
INFO - 2017-04-09 17:57:55 - reggie@jobsly.net logged in
INFO - 2017-04-09 17:59:30 - reggie@jobsly.net logged in
INFO - no search
INFO - no search
INFO - no search
INFO - no search
INFO - no search
INFO - no search
INFO - no search
INFO - 2017-04-09 18:12:47 - reggie@jobsly.net logged in
INFO - no search
INFO - no search
INFO - no search
INFO - no search
INFO - no search
INFO - 2017-04-09 18:14:32 - reggie@jobsly.net logged in
INFO - no search
INFO - no search
INFO - no search
INFO - no search
INFO - no search
INFO - 2017-04-09 18:20:53 - reggie@jobsly.net logged in
INFO - no search
INFO - 2017-04-09 18:24:58 - reggie@jobsly.net logged in
INFO - no search
INFO - no search
INFO - 2017-04-09 18:26:47 - reggie@jobsly.net logged in
INFO - no search
INFO - no search
INFO - search
INFO - no search
INFO - search
INFO - 2017-04-09 19:06:43 - reggie@jobsly.net logged in
INFO - 2017-04-09 19:06:48 - reggie@jobsly.net logged in
INFO - 2017-04-09 19:06:51 - reggie@jobsly.net deactivate 
INFO - 2017-04-09 19:11:15 - reggie@jobsly.net deactivate 
INFO - 2017-04-09 19:12:28 - reggie@jobsly.net deactivate 
INFO - 2017-04-09 19:12:52 - reggie@jobsly.net deactivate 
INFO - 2017-04-09 21:28:52 - reggie@jobsly.net deactivate 
INFO - 2017-04-09 21:29:27 - reggie@jobsly.net deactivate 
INFO - 2017-04-09 21:30:32 - reggie@jobsly.net deactivate 
INFO - 2017-04-09 21:32:23 - reggie@jobsly.net deactivate 
INFO - 2017-04-09 21:32:28 - reggie@jobsly.net activate 
INFO - 2017-04-09 21:32:29 - reggie@jobsly.net deactivate 
INFO - 2017-04-09 21:36:54 - reggie@jobsly.net deactivate 
INFO - 2017-04-09 21:36:56 - reggie@jobsly.net activate 
INFO - 2017-04-09 21:37:44 - reggie@jobsly.net deactivate 
INFO - 2017-04-09 21:37:45 - reggie@jobsly.net activate 
INFO - 2017-04-09 21:40:45 - reggie@jobsly.net deactivate 
INFO - 2017-04-09 21:41:00 - reggie@jobsly.net activate 
INFO - 2017-04-09 21:43:17 - reggie@jobsly.net deactivate 
INFO - 2017-04-09 21:43:19 - reggie@jobsly.net activate 
INFO - 2017-04-09 21:43:20 - reggie@jobsly.net deactivate 
INFO - 2017-04-09 21:43:20 - reggie@jobsly.net activate 
INFO - 2017-04-09 21:44:08 - reggie@jobsly.net logged in
INFO - 2017-04-09 21:44:42 - reggie@jobsly.net deactivate 
INFO - 2017-04-09 21:44:44 - reggie@jobsly.net activate 
INFO - 2017-04-09 21:44:56 - reggie@jobsly.net deactivate 
INFO - 2017-04-09 21:44:57 - reggie@jobsly.net activate 
INFO - 2017-04-09 21:45:49 - reggie@jobsly.net deactivate 
INFO - 2017-04-09 21:47:17 - reggie@jobsly.net deactivate 36
INFO - 2017-04-09 21:47:18 - reggie@jobsly.net activate 36
INFO - 2017-04-09 21:47:19 - reggie@jobsly.net deactivate 36
INFO - 2017-04-09 21:47:20 - reggie@jobsly.net activate 36
INFO - 2017-04-09 21:47:41 - reggie@jobsly.net deactivate 36
INFO - 2017-04-09 21:48:29 - reggie@jobsly.net activate 36
INFO - 2017-04-09 21:56:20 - reggie@jobsly.net deactivate 36
INFO - 2017-04-09 21:58:02 - reggie@jobsly.net activate 36
INFO - 2017-04-09 21:58:05 - reggie@jobsly.net deactivate 36
INFO - 2017-04-09 21:58:06 - reggie@jobsly.net activate 36
INFO - 2017-04-09 21:58:06 - reggie@jobsly.net deactivate 36
INFO - 2017-04-09 22:00:15 - reggie@jobsly.net activate 36
INFO - 2017-04-09 22:00:16 - reggie@jobsly.net deactivate 36
INFO - 2017-04-09 22:00:16 - reggie@jobsly.net activate 36
INFO - 2017-04-09 22:00:17 - reggie@jobsly.net deactivate 36
INFO - 2017-04-09 22:00:47 - reggie@jobsly.net activate 36
INFO - 2017-04-09 22:00:49 - reggie@jobsly.net deactivate 36
INFO - 2017-04-09 22:00:50 - reggie@jobsly.net activate 36
INFO - 2017-04-09 22:01:02 - reggie@jobsly.net deactivate 36
INFO - 2017-04-09 22:01:03 - reggie@jobsly.net activate 36
INFO - 2017-04-09 22:01:07 - reggie@jobsly.net deactivate 36
INFO - 2017-04-09 22:01:08 - reggie@jobsly.net activate 36
INFO - 2017-04-09 22:01:18 - reggie@jobsly.net logged in
INFO - 2017-04-09 22:02:05 - reggie@jobsly.net deactivate 36
INFO - 2017-04-09 22:02:06 - reggie@jobsly.net activate 36
INFO - 2017-04-09 22:02:08 - reggie@jobsly.net deactivate 36
INFO - 2017-04-09 22:02:09 - reggie@jobsly.net activate 36
INFO - 2017-04-09 22:02:10 - reggie@jobsly.net deactivate 36
INFO - 2017-04-09 22:02:10 - reggie@jobsly.net activate 36
INFO - 2017-04-09 22:03:56 - reggie@jobsly.net deactivate 36
INFO - 2017-04-09 22:03:57 - reggie@jobsly.net activate 36
INFO - 2017-04-09 22:05:17 - reggie@jobsly.net deactivate 36
INFO - 2017-04-09 22:05:18 - reggie@jobsly.net activate 36
INFO - 2017-04-09 22:05:59 - reggie@jobsly.net deactivate 36
INFO - 2017-04-09 22:08:23 - reggie@jobsly.net activate 36
INFO - 2017-04-09 22:35:43 - reggie@jobsly.net activate 42
INFO - 2017-04-09 22:45:26 - reggie@jobsly.net activate 42
INFO - 2017-04-09 22:47:39 - reggie@jobsly.net deactivate 38
INFO - 2017-04-09 22:50:56 - reggie@jobsly.net deactivate 35
INFO - 2017-04-09 22:58:01 - reggie@jobsly.net deactivate 40
INFO - 2017-04-09 23:00:26 - reggie@jobsly.net activate 35
INFO - 2017-04-09 23:00:34 - reggie@jobsly.net activate 38
INFO - 2017-04-09 23:00:36 - reggie@jobsly.net activate 40
INFO - 2017-04-09 23:01:17 - reggie@jobsly.net deactivate 36
INFO - 2017-04-09 23:02:30 - reggie@jobsly.net deactivate 38
INFO - 2017-04-09 23:03:05 - reggie@jobsly.net deactivate 38
INFO - 2017-04-09 23:05:39 - reggie@jobsly.net activate 36
INFO - 2017-04-09 23:05:50 - reggie@jobsly.net activate 38
INFO - 2017-04-09 23:08:10 - reggie@jobsly.net deactivate 38
INFO - 2017-04-09 23:08:14 - reggie@jobsly.net activate 38
INFO - 2017-04-09 23:12:48 - reggie@jobsly.net deactivate 38
INFO - 2017-04-09 23:12:52 - reggie@jobsly.net deactivate 44
INFO - 2017-04-09 23:12:54 - reggie@jobsly.net deactivate 36
INFO - 2017-04-09 23:12:55 - reggie@jobsly.net activate 38
INFO - 2017-04-09 23:15:47 - reggie@jobsly.net deactivate 38
INFO - 2017-04-09 23:15:49 - reggie@jobsly.net deactivate 40
INFO - 2017-04-09 23:15:50 - reggie@jobsly.net activate 38
INFO - 2017-04-09 23:15:52 - reggie@jobsly.net activate 40
INFO - 2017-04-09 23:15:54 - reggie@jobsly.net deactivate 35
INFO - 2017-04-09 23:15:56 - reggie@jobsly.net activate 35
INFO - 2017-04-09 23:15:57 - reggie@jobsly.net deactivate 35
INFO - 2017-04-09 23:16:00 - reggie@jobsly.net activate 35
INFO - 2017-04-09 23:16:09 - reggie@jobsly.net deactivate 35
INFO - 2017-04-09 23:16:10 - reggie@jobsly.net activate 35
INFO - 2017-04-09 23:16:42 - reggie@jobsly.net activate 44
INFO - 2017-04-09 23:16:44 - reggie@jobsly.net deactivate 44
INFO - 2017-04-09 23:16:47 - reggie@jobsly.net activate 44
INFO - 2017-04-09 23:16:48 - reggie@jobsly.net deactivate 44
INFO - 2017-04-09 23:17:12 - reggie@jobsly.net deactivate 42
INFO - 2017-04-09 23:17:14 - reggie@jobsly.net deactivate 40
INFO - 2017-04-09 23:17:16 - reggie@jobsly.net activate 36
INFO - 2017-04-09 23:17:17 - reggie@jobsly.net activate 44
INFO - 2017-04-09 23:17:23 - reggie@jobsly.net deactivate 35
INFO - 2017-04-09 23:17:25 - reggie@jobsly.net deactivate 44
INFO - 2017-04-09 23:17:26 - reggie@jobsly.net deactivate 37
INFO - 2017-04-09 23:17:26 - reggie@jobsly.net deactivate 39
INFO - 2017-04-09 23:17:53 - reggie@jobsly.net activate 35
INFO - 2017-04-09 23:17:54 - reggie@jobsly.net activate 42
INFO - 2017-04-09 23:17:54 - reggie@jobsly.net activate 40
INFO - 2017-04-09 23:17:55 - reggie@jobsly.net activate 44
INFO - 2017-04-09 23:17:55 - reggie@jobsly.net activate 37
INFO - 2017-04-09 23:17:57 - reggie@jobsly.net activate 39
INFO - 2017-04-09 23:35:51 - reggie@jobsly.net deactivate jobseeker 44
INFO - 2017-04-09 23:35:52 - reggie@jobsly.net activate jobseeker 44
