INFO - 2017-03-27 22:11:59 - reggie1@gmail.com logged in
INFO - 2017-03-27 22:16:58 - reggie@jobsly.net logged in
INFO - 2017-03-27 22:24:19 - reggie@jobsly.net logged in
INFO - 2017-03-27 22:25:03 - reggie@jobsly.net logged in
INFO - 2017-03-27 22:25:29 - reggie@jobsly.net logged in
ERROR - 2017-03-27 22:25:30 - reggie@jobsly.net #0 C:\xampp\htdocs\jobsly\dashboard\Database.php(59): PDOStatement->execute()
#1 C:\xampp\htdocs\jobsly\dashboard\Database.php(72): Database->execute()
#2 C:\xampp\htdocs\jobsly\dashboard\admin-jobseekerapproval.php(69): Database->resultset()
#3 C:\xampp\htdocs\jobsly\dashboard\admin-approvals.php(238): include('C:\\xampp\\htdocs...')
#4 {main} SQLSTATE[23000]: Integrity constraint violation: 1052 Column 'id' in field list is ambiguous
INFO - 2017-03-27 22:25:51 - reggie@jobsly.net logged in
INFO - 2017-03-27 22:25:52 - reggie@jobsly.net logged in
ERROR - 2017-03-27 22:25:54 - reggie@jobsly.net #0 C:\xampp\htdocs\jobsly\dashboard\Database.php(59): PDOStatement->execute()
#1 C:\xampp\htdocs\jobsly\dashboard\Database.php(72): Database->execute()
#2 C:\xampp\htdocs\jobsly\dashboard\admin-jobseekerapproval.php(69): Database->resultset()
#3 C:\xampp\htdocs\jobsly\dashboard\admin-approvals.php(238): include('C:\\xampp\\htdocs...')
#4 {main} SQLSTATE[23000]: Integrity constraint violation: 1052 Column 'id' in field list is ambiguous
INFO - 2017-03-27 22:26:43 - reggie@jobsly.net logged in
INFO - 2017-03-27 22:42:02 - reggie@jobsly.net logged in
INFO - 2017-03-27 22:45:23 - reggie@jobsly.net logged in
