INFO - 2017-03-05 00:59:07 - reg@jobsly.net logged in
INFO - 2017-03-05 00:59:10 - reg@jobsly.net 
INFO - 2017-03-05 00:59:27 - reg@jobsly.net logged in
INFO - 2017-03-05 00:59:29 - reg@jobsly.net 
INFO - 2017-03-05 01:00:00 - reg@jobsly.net java
INFO - 2017-03-05 01:01:42 - reg@jobsly.net logged in
INFO - 2017-03-05 01:01:45 - reg@jobsly.net 
INFO - 2017-03-05 01:01:50 - reg@jobsly.net java
INFO - 2017-03-05 01:06:39 - reg@jobsly.net logged in
INFO - 2017-03-05 01:06:42 - reg@jobsly.net 
INFO - 2017-03-05 01:06:48 - reg@jobsly.net java
INFO - 2017-03-05 01:07:02 - reg@jobsly.net 
INFO - 2017-03-05 01:07:12 - reg@jobsly.net java
INFO - 2017-03-05 01:08:03 - reg@jobsly.net web
INFO - 2017-03-05 01:11:40 - reg@jobsly.net logged in
INFO - 2017-03-05 01:14:01 - reg@jobsly.net logged in
INFO - 2017-03-05 01:18:13 - reg@jobsly.net logged in
ERROR - 2017-03-05 01:18:21 - reg@jobsly.net #0 C:\xampp\htdocs\jobsly\dashboard\Database.php(59): PDOStatement->execute()
#1 C:\xampp\htdocs\jobsly\dashboard\Database.php(72): Database->execute()
#2 C:\xampp\htdocs\jobsly\dashboard\jobseeker-latestjobs.php(31): Database->resultset()
#3 {main} SQLSTATE[42000]: Syntax error or access violation: 1064 You have an error in your SQL syntax; check the manual that corresponds to your MariaDB server version for the right syntax to use near '%'admin'% or jobdesc like %'admin'% order by dateadded desc limit 0,12' at line 1
INFO - 2017-03-05 01:19:38 - reg@jobsly.net logged in
INFO - 2017-03-05 01:20:06 - reg@jobsly.net logged in
ERROR - 2017-03-05 01:20:14 - reg@jobsly.net #0 C:\xampp\htdocs\jobsly\dashboard\Database.php(59): PDOStatement->execute()
#1 C:\xampp\htdocs\jobsly\dashboard\Database.php(72): Database->execute()
#2 C:\xampp\htdocs\jobsly\dashboard\jobseeker-latestjobs.php(31): Database->resultset()
#3 {main} SQLSTATE[42000]: Syntax error or access violation: 1064 You have an error in your SQL syntax; check the manual that corresponds to your MariaDB server version for the right syntax to use near '% or jobdesc like 'java'% order by dateadded desc limit 0,12' at line 1
INFO - 2017-03-05 01:21:39 - reg@jobsly.net logged in
INFO - 2017-03-05 01:22:18 - reg@jobsly.net logged in
