ERROR - 2017-03-31 00:49:11 - reggie@jobsly.net #0 C:\xampp\htdocs\jobsly\dashboard\Database.php(59): PDOStatement->execute()
#1 C:\xampp\htdocs\jobsly\dashboard\admin-uploadjobadheader-submit.php(59): Database->execute()
#2 {main} SQLSTATE[HY093]: Invalid parameter number: parameter was not defined
INFO - 2017-03-31 00:50:40 - reggie@jobsly.net upload logo 
INFO - 2017-03-31 01:39:49 - reggie@jobsly.net delete header employerid=28
INFO - 2017-03-31 13:01:49 - reggie@jobsly.net logged in
INFO - 2017-03-31 13:08:36 - reggie@jobsly.net upload logo 
INFO - 2017-03-31 13:14:17 - reg@jobsly.net logged in
INFO - 2017-03-31 13:19:53 - reg@jobsly.net logged in
INFO - 2017-03-31 13:20:30 - reg@jobsly.net logged in
INFO - 2017-03-31 15:58:46 - reg@jobsly.net logged in
INFO - 2017-03-31 16:01:58 - reg@jobsly.net logged in
INFO - 2017-03-31 16:02:05 - reg@jobsly.net logged in
INFO - 2017-03-31 16:03:54 - reggie1@gmail.com logged in
INFO - 2017-03-31 16:18:01 - reggie1@gmail.com logged in
ERROR - 2017-03-31 16:18:12 - reggie1@gmail.com #0 C:\xampp\htdocs\jobsly\dashboard\Database.php(59): PDOStatement->execute()
#1 C:\xampp\htdocs\jobsly\dashboard\Database.php(63): Database->execute()
#2 C:\xampp\htdocs\jobsly\dashboard\previewjobad.php(24): Database->single()
#3 {main} SQLSTATE[23000]: Integrity constraint violation: 1052 Column 'userid' in where clause is ambiguous
INFO - 2017-03-31 16:19:09 - reggie1@gmail.com logged in
ERROR - 2017-03-31 16:19:17 - reggie1@gmail.com #0 C:\xampp\htdocs\jobsly\dashboard\Database.php(59): PDOStatement->execute()
#1 C:\xampp\htdocs\jobsly\dashboard\Database.php(63): Database->execute()
#2 C:\xampp\htdocs\jobsly\dashboard\previewjobad.php(24): Database->single()
#3 {main} SQLSTATE[23000]: Integrity constraint violation: 1052 Column 'id' in where clause is ambiguous
INFO - 2017-03-31 16:19:46 - reggie1@gmail.com logged in
INFO - 2017-03-31 23:36:33 - reggie@jobsly.net logged in
INFO - 2017-03-31 23:47:25 - reggie1@gmail.com logged in
INFO - 2017-03-31 23:50:04 - reggie1@gmail.com logged in
INFO - 2017-03-31 23:50:10 - reggie1@gmail.com logged in
INFO - 2017-03-31 23:50:17 - reggie1@gmail.com logged in
INFO - 2017-03-31 23:50:26 - reggie1@gmail.com logged in
INFO - 2017-03-31 23:54:09 - reggie@jobsly.net logged in
INFO - 2017-03-31 23:59:47 - reggie@jobsly.net logged in
INFO - 2017-03-31 23:59:57 - reggie@jobsly.net logged in
