INFO - 2017-04-11 00:05:18 - reggie@jobsly.net logged in
INFO - 2017-04-11 00:06:10 - reggie@jobsly.net deactivate jobseeker 44
INFO - 2017-04-11 00:13:32 - reggie@jobsly.net logged in
INFO - 2017-04-11 00:13:34 - reggie@jobsly.net logged in
INFO - 2017-04-11 00:21:28 - reggie@jobsly.net logged in
INFO - 2017-04-11 00:22:56 - reggie@jobsly.net logged in
INFO - 2017-04-11 00:26:07 - reggie@jobsly.net logged in
INFO - 2017-04-11 00:42:42 - reggie@jobsly.net logged in
INFO - 2017-04-11 00:45:25 - reggie@jobsly.net logged in
INFO - 2017-04-11 00:47:25 - reggie@jobsly.net logged in
INFO - 2017-04-11 00:48:40 - reggie@jobsly.net logged in
INFO - 2017-04-11 00:55:23 - reggie@jobsly.net logged in
INFO - 2017-04-11 00:56:11 - reggie@jobsly.net logged in
INFO - 2017-04-11 11:38:08 - reggie@jobsly.net logged in
ERROR - 2017-04-11 11:47:23 - reggie@jobsly.net #0 C:\xampp\htdocs\jobsly\dashboard\Database.php(59): PDOStatement->execute()
#1 C:\xampp\htdocs\jobsly\dashboard\Database.php(72): Database->execute()
#2 C:\xampp\htdocs\jobsly\dashboard\admin-loadmorejobseekers.php(33): Database->resultset()
#3 {main} SQLSTATE[42000]: Syntax error or access violation: 1064 You have an error in your SQL syntax; check the manual that corresponds to your MariaDB server version for the right syntax to use near ''0',10' at line 1
INFO - 2017-04-11 11:51:50 - reggie@jobsly.net deactivate jobseeker 31
INFO - 2017-04-11 11:56:47 - reggie@jobsly.net activate jobseeker 36
INFO - 2017-04-11 12:05:28 - reggie@jobsly.net logged in
INFO - 2017-04-11 12:06:37 - reggie@jobsly.net logged in
INFO - 2017-04-11 12:06:37 - reggie@jobsly.net logged in
INFO - 2017-04-11 12:23:19 - reggie@jobsly.net logged in
INFO - 2017-04-11 12:33:48 - reggie@jobsly.net logged in
INFO - 2017-04-11 12:35:48 - reggie@jobsly.net logged in
INFO - 2017-04-11 12:38:18 - reggie@jobsly.net logged in
INFO - 2017-04-11 12:49:17 - reggie@jobsly.net deactivate jobseeker 41
INFO - 2017-04-11 12:49:19 - reggie@jobsly.net activate jobseeker 41
INFO - 2017-04-11 12:52:05 - reggie@jobsly.net deactivate jobseeker 38
INFO - 2017-04-11 12:52:07 - reggie@jobsly.net activate jobseeker 38
INFO - 2017-04-11 15:16:46 - reggie@jobsly.net logged in
INFO - 2017-04-11 15:17:49 - reggie@jobsly.net logged in
INFO - 2017-04-11 15:45:13 - reggie@jobsly.net logged in
INFO - 2017-04-11 15:45:20 - reggie@jobsly.net logged in
INFO - 2017-04-11 15:45:57 - reggie@jobsly.net logged in
INFO - 2017-04-11 15:45:59 - reggie@jobsly.net logged in
INFO - 2017-04-11 15:47:06 - reggie@jobsly.net logged in
INFO - 2017-04-11 15:47:15 - reggie@jobsly.net logged in
INFO - 2017-04-11 15:50:27 - reggie@jobsly.net logged in
INFO - 2017-04-11 15:50:28 - reggie@jobsly.net logged in
INFO - 2017-04-11 15:51:23 - reggie@jobsly.net logged in
INFO - 2017-04-11 16:32:00 - reggie@jobsly.net logged in
INFO - 2017-04-11 16:32:05 - reggie@jobsly.net logged in
ERROR - 2017-04-11 16:32:35 - reggie@jobsly.net #0 C:\xampp\htdocs\jobsly\dashboard\Database.php(59): PDOStatement->execute()
#1 C:\xampp\htdocs\jobsly\dashboard\Database.php(72): Database->execute()
#2 C:\xampp\htdocs\jobsly\dashboard\admin-activejobadslistloadmore.php(29): Database->resultset()
#3 {main} SQLSTATE[42000]: Syntax error or access violation: 1064 You have an error in your SQL syntax; check the manual that corresponds to your MariaDB server version for the right syntax to use near '10' at line 1
ERROR - 2017-04-11 16:34:12 - reggie@jobsly.net #0 C:\xampp\htdocs\jobsly\dashboard\Database.php(59): PDOStatement->execute()
#1 C:\xampp\htdocs\jobsly\dashboard\Database.php(72): Database->execute()
#2 C:\xampp\htdocs\jobsly\dashboard\admin-activejobadslistloadmore.php(29): Database->resultset()
#3 {main} SQLSTATE[42000]: Syntax error or access violation: 1064 You have an error in your SQL syntax; check the manual that corresponds to your MariaDB server version for the right syntax to use near '10' at line 1
INFO - 2017-04-11 16:34:27 - reggie@jobsly.net logged in
INFO - 2017-04-11 16:36:01 - reggie@jobsly.net logged in
INFO - 2017-04-11 16:36:03 - reggie@jobsly.net logged in
INFO - 2017-04-11 22:08:02 - reggie@jobsly.net logged in
ERROR - 2017-04-11 22:11:34 - reggie@jobsly.net #0 C:\xampp\htdocs\jobsly\dashboard\Database.php(59): PDOStatement->execute()
#1 C:\xampp\htdocs\jobsly\dashboard\Database.php(72): Database->execute()
#2 C:\xampp\htdocs\jobsly\dashboard\admin-activejobadslistloadmore.php(30): Database->resultset()
#3 {main} SQLSTATE[42000]: Syntax error or access violation: 1327 Undeclared variable: undefined
INFO - 2017-04-11 22:21:05 - reggie@jobsly.net logged in
INFO - 2017-04-11 22:21:06 - reggie@jobsly.net logged in
ERROR - 2017-04-11 22:58:13 - reggie@jobsly.net #0 C:\xampp\htdocs\jobsly\dashboard\Database.php(59): PDOStatement->execute()
#1 C:\xampp\htdocs\jobsly\dashboard\Database.php(72): Database->execute()
#2 C:\xampp\htdocs\jobsly\dashboard\admin-empapprloadmore.php(23): Database->resultset()
#3 {main} SQLSTATE[42000]: Syntax error or access violation: 1064 You have an error in your SQL syntax; check the manual that corresponds to your MariaDB server version for the right syntax to use near '<br />
<b>Notice</b>:  Undefined variable: next in <b>C:\xampp\htdocs\jobsly\das' at line 1
INFO - 2017-04-11 23:39:28 - reggie1@gmail.com logged in
