INFO - 2017-04-17 19:21:04 - bambam@gmail.com logged in
INFO - 2017-04-17 19:27:54 - bambam@gmail.com logged in
INFO - 2017-04-17 19:28:10 - bambam@gmail.com full registration submit update
INFO - 2017-04-17 19:28:20 - bambam@gmail.com logged in
INFO - 2017-04-17 21:51:54 - reggie1@gmail.com logged in
INFO - 2017-04-17 21:52:16 - reggie1@gmail.com logged in
INFO - 2017-04-17 21:52:28 - reggie1@gmail.com logged in
INFO - 2017-04-17 21:54:55 - bambam@gmail.com logged in
INFO - 2017-04-17 22:15:18 - reggie1@gmail.com logged in
INFO - 2017-04-17 22:15:44 - reggie1@gmail.com logged in
INFO - 2017-04-17 22:15:45 - reggie1@gmail.com logged in
INFO - 2017-04-17 22:16:08 - reggie1@gmail.com logged in
INFO - 2017-04-17 22:21:28 - reggie1@gmail.com logged in
INFO - 2017-04-17 22:23:01 - reggie1@gmail.com logged in
INFO - 2017-04-17 22:23:57 - reggie1@gmail.com logged in
INFO - 2017-04-17 22:25:42 - reggie1@gmail.com logged in
INFO - 2017-04-17 22:30:57 - bambam@gmail.com logged in
INFO - 2017-04-17 22:40:25 - bambam@gmail.com logged in
INFO - 2017-04-17 22:42:23 - bambam@gmail.com jobessay insert
INFO - 2017-04-17 22:43:48 - bambam@gmail.com logged in
INFO - 2017-04-17 22:44:12 - bambam@gmail.com logged in
INFO - 2017-04-17 22:44:33 - bambam@gmail.com logged in
INFO - 2017-04-17 22:45:58 - bambam@gmail.com logged in
INFO - 2017-04-17 22:49:46 - bambam@gmail.com logged in
INFO - 2017-04-17 22:50:42 - toya@gmail.com logged in
INFO - 2017-04-17 23:42:22 - reggie1@gmail.com logged in
INFO - 2017-04-17 23:43:49 - reggie1@gmail.com logged in
INFO - 2017-04-17 23:43:50 - reggie1@gmail.com logged in
INFO - 2017-04-17 23:44:13 - reggie1@gmail.com logged in
INFO - 2017-04-17 23:44:35 - reggie1@gmail.com logged in
INFO - 2017-04-17 23:44:54 - reggie1@gmail.com logged in
INFO - 2017-04-17 23:44:56 - reggie1@gmail.com logged in
INFO - 2017-04-17 23:46:15 - reggie1@gmail.com logged in
INFO - 2017-04-17 23:46:41 - reggie1@gmail.com logged in
INFO - 2017-04-17 23:47:04 - reggie1@gmail.com logged in
