INFO - 2017-05-01 10:34:09 - reg@jobsly.net logged in
INFO - 2017-05-01 14:38:40 - reg@jobsly.net hs update
INFO - 2017-05-01 14:39:39 - reg@jobsly.net col update
INFO - 2017-05-01 14:43:43 - reg@jobsly.net col update
INFO - 2017-05-01 14:44:54 - reg@jobsly.net pgrad1 update
INFO - 2017-05-01 14:57:05 - reg@jobsly.net logged in
INFO - 2017-05-01 15:16:52 - reg@jobsly.net logged in
INFO - 2017-05-01 15:16:57 - reg@jobsly.net logged in
INFO - 2017-05-01 15:26:37 - reg@jobsly.net logged in
INFO - 2017-05-01 15:26:39 - reg@jobsly.net logged in
INFO - 2017-05-01 15:34:06 - reg@jobsly.net logged in
INFO - 2017-05-01 15:34:07 - reg@jobsly.net logged in
INFO - 2017-05-01 15:38:41 - toya@gmail.com logged in
INFO - 2017-05-01 15:38:56 - goldie@gmail.com logged in
INFO - 2017-05-01 15:40:05 - bambam@gmail.com logged in
INFO - 2017-05-01 15:41:01 - goldie@gmail.com logged in
INFO - 2017-05-01 15:51:57 - bambam@gmail.com logged in
INFO - 2017-05-01 15:57:14 - sampretty@gmail.com logged in
INFO - 2017-05-01 15:58:03 - bambam@gmail.com logged in
INFO - 2017-05-01 15:58:36 - bambam@gmail.com jobad insert
INFO - 2017-05-01 15:59:10 - bambam@gmail.com jobad update
INFO - 2017-05-01 16:04:44 - bambam@gmail.com jobad update
INFO - 2017-05-01 16:05:30 - bambam@gmail.com logged in
INFO - 2017-05-01 16:05:40 - bambam@gmail.com jobad update
INFO - 2017-05-01 16:05:43 - bambam@gmail.com logged in
INFO - 2017-05-01 16:06:08 - bambam@gmail.com jobad update
INFO - 2017-05-01 16:11:29 - bambam@gmail.com jobad update
INFO - 2017-05-01 16:14:13 - goldie@gmail.com logged in
INFO - search= 0 
INFO - search= 0 
INFO - search= 0 
INFO - 2017-05-01 16:16:39 - goldie@gmail.com workexperience update 17
INFO - 2017-05-01 16:16:53 - goldie@gmail.com workexperience update 17
INFO - 2017-05-01 16:16:56 - goldie@gmail.com workexperience update 17
INFO - 2017-05-01 16:17:14 - goldie@gmail.com workexperience update 17
INFO - 2017-05-01 16:17:17 - goldie@gmail.com workexperience update 17
INFO - 2017-05-01 16:17:48 - goldie@gmail.com workexperience update 17
INFO - 2017-05-01 16:24:02 - goldie@gmail.com logged in
INFO - 2017-05-01 16:24:11 - goldie@gmail.com logged in
INFO - 2017-05-01 16:26:42 - goldie@gmail.com logged in
INFO - 2017-05-01 16:29:31 - toya@gmail.com logged in
INFO - 2017-05-01 23:28:07 - reg@jobsly.net logged in
