ERROR - 2017-04-12 00:00:21 - reggie1@gmail.com #0 C:\xampp\htdocs\jobsly\dashboard\Database.php(59): PDOStatement->execute()
#1 C:\xampp\htdocs\jobsly\dashboard\Database.php(72): Database->execute()
#2 C:\xampp\htdocs\jobsly\dashboard\employer-loadmoreaapps.php(34): Database->resultset()
#3 {main} SQLSTATE[HY093]: Invalid parameter number: parameter was not defined
ERROR - 2017-04-12 00:00:46 - reggie1@gmail.com #0 C:\xampp\htdocs\jobsly\dashboard\Database.php(59): PDOStatement->execute()
#1 C:\xampp\htdocs\jobsly\dashboard\Database.php(72): Database->execute()
#2 C:\xampp\htdocs\jobsly\dashboard\employer-loadmoreaapps.php(34): Database->resultset()
#3 {main} SQLSTATE[HY093]: Invalid parameter number: parameter was not defined
ERROR - 2017-04-12 00:00:53 - reggie1@gmail.com #0 C:\xampp\htdocs\jobsly\dashboard\Database.php(59): PDOStatement->execute()
#1 C:\xampp\htdocs\jobsly\dashboard\Database.php(72): Database->execute()
#2 C:\xampp\htdocs\jobsly\dashboard\employer-loadmoreaapps.php(34): Database->resultset()
#3 {main} SQLSTATE[HY093]: Invalid parameter number: parameter was not defined
INFO - 2017-04-12 00:45:57 - reggie1@gmail.com shortlisted to1 
INFO - 2017-04-12 00:46:01 - reggie1@gmail.com shortlisted to0 
INFO - 2017-04-12 00:46:10 - reggie1@gmail.com shortlisted to1 
INFO - 2017-04-12 00:57:35 - reggie1@gmail.com logged in
INFO - 2017-04-12 01:02:14 - reggie1@gmail.com logged in
INFO - 2017-04-12 01:09:49 - reggie1@gmail.com logged in
INFO - 2017-04-12 11:23:33 - reg@jobsly.net logged in
INFO - 2017-04-12 12:01:04 - reg@jobsly.net logged in
INFO - 2017-04-12 12:11:14 - reg@jobsly.net logged in
INFO - 2017-04-12 12:36:02 - reg@jobsly.net logged in
INFO - 2017-04-12 12:36:34 - reg@jobsly.net logged in
INFO - 2017-04-12 12:37:16 - reg@jobsly.net logged in
INFO - 2017-04-12 12:37:20 - reg@jobsly.net logged in
INFO - 2017-04-12 12:57:01 - reg@jobsly.net logged in
INFO - 2017-04-12 12:57:22 - reg@jobsly.net logged in
INFO - 2017-04-12 13:08:33 - reg@jobsly.net logged in
INFO - 2017-04-12 13:09:47 - reg@jobsly.net logged in
INFO - 2017-04-12 13:10:52 - reg@jobsly.net logged in
