INFO - 2017-05-19 21:18:11 - sam@jobsly.net logged in
INFO - 2017-05-19 21:28:26 - bambam@gmail.com logged in
INFO - 2017-05-19 21:28:37 - bambam@gmail.com logged in
INFO - 2017-05-19 21:32:31 - lightning@gmail.com logged in
INFO - 2017-05-19 21:32:50 - sam@jobsly.net logged in
INFO - 2017-05-19 21:36:32 - bambam@gmail.com logged in
INFO - 2017-05-19 21:54:58 - bambam@gmail.com logged in
INFO - 2017-05-19 21:55:50 - toya@gmail.com logged in
INFO - 2017-05-19 21:59:30 - bambam@gmail.com logged in
INFO - 2017-05-19 22:00:45 - bambam@gmail.com jobtemplates update
INFO - 2017-05-19 22:01:06 - bambam@gmail.com jobtemplates delete id=84
INFO - 2017-05-19 22:01:34 - bambam@gmail.com jobtemplates update
INFO - 2017-05-19 22:03:35 - bambam@gmail.com jobtemplates insert
INFO - 2017-05-19 22:04:16 - spot@gmail.com logged in
INFO - 2017-05-19 22:04:58 - sam@jobsly.net logged in
INFO - 2017-05-19 22:12:31 - nick@gmail.com logged in
INFO - 2017-05-19 22:13:01 - nick@gmail.com logged in
INFO - 2017-05-19 22:13:11 - nick@gmail.com insert job application
INFO - 2017-05-19 22:13:34 - sam@jobsly.net logged in
INFO - 2017-05-19 22:14:01 - sam@jobsly.net deactivate jobseeker 36
INFO - 2017-05-19 22:17:14 - bambam@gmail.com logged in
INFO - 2017-05-19 22:17:39 - sam@jobsly.net logged in
INFO - 2017-05-19 22:36:42 - reggie1@gmail.com logged in
INFO - 2017-05-19 23:28:29 - reggie1@gmail.com logged in
INFO - 2017-05-19 23:32:20 - reggie1@gmail.com logged in
INFO - 2017-05-19 23:48:53 - reggie@jobsly.net logged in
