INFO - 2017-04-25 00:29:38 - reggie1@gmail.com logged in
INFO - 2017-04-25 00:51:30 - reggie1@gmail.com logged in
INFO - 2017-04-25 13:02:49 - reg@jobsly.net logged in
INFO - 2017-04-25 13:03:01 - reg@jobsly.net logged in
INFO - 2017-04-25 13:03:46 - reggie1@gmail.com logged in
INFO - 2017-04-25 13:05:49 - reggie1@gmail.com logged in
INFO - 2017-04-25 13:05:54 - reggie1@gmail.com logged in
INFO - 2017-04-25 13:08:11 - reggie1@gmail.com logged in
INFO - 2017-04-25 13:08:54 - reggie1@gmail.com logged in
INFO - 2017-04-25 13:09:03 - reggie1@gmail.com logged in
INFO - 2017-04-25 13:10:04 - reggie1@gmail.com logged in
INFO - 2017-04-25 13:10:06 - reggie1@gmail.com logged in
INFO - 2017-04-25 13:13:22 - reggie1@gmail.com logged in
INFO - 2017-04-25 13:14:06 - reggie1@gmail.com logged in
INFO - 2017-04-25 13:14:06 - reggie1@gmail.com logged in
INFO - 2017-04-25 13:15:12 - reggie1@gmail.com logged in
INFO - 2017-04-25 13:15:43 - reggie1@gmail.com logged in
INFO - 2017-04-25 13:20:27 - reggie1@gmail.com logged in
INFO - 2017-04-25 13:21:51 - reggie1@gmail.com logged in
INFO - 2017-04-25 13:24:53 - reggie1@gmail.com logged in
INFO - 2017-04-25 13:30:17 - reggie1@gmail.com logged in
INFO - 2017-04-25 13:30:23 - reggie1@gmail.com logged in
INFO - 2017-04-25 13:32:02 - reggie1@gmail.com logged in
INFO - 2017-04-25 15:28:38 - reggie1@gmail.com logged in
INFO - 2017-04-25 15:28:47 - reggie1@gmail.com logged in
INFO - 2017-04-25 15:31:06 - reggie1@gmail.com logged in
INFO - 2017-04-25 15:31:13 - reggie1@gmail.com logged in
INFO - 2017-04-25 15:31:14 - reggie1@gmail.com logged in
INFO - 2017-04-25 15:31:15 - reggie1@gmail.com logged in
INFO - 2017-04-25 15:31:22 - reggie1@gmail.com logged in
INFO - 2017-04-25 15:50:43 - reggie1@gmail.com logged in
INFO - 2017-04-25 15:50:49 - reggie1@gmail.com logged in
INFO - 2017-04-25 15:51:02 - reggie1@gmail.com logged in
INFO - 2017-04-25 15:51:09 - reggie1@gmail.com logged in
INFO - 2017-04-25 15:52:22 - reggie1@gmail.com logged in
INFO - 2017-04-25 15:52:28 - reggie1@gmail.com logged in
INFO - 2017-04-25 15:53:36 - reggie1@gmail.com logged in
INFO - 2017-04-25 15:53:38 - reggie1@gmail.com logged in
INFO - 2017-04-25 15:53:45 - reggie1@gmail.com logged in
INFO - 2017-04-25 15:54:02 - reggie1@gmail.com logged in
INFO - 2017-04-25 15:54:06 - reggie1@gmail.com logged in
INFO - 2017-04-25 15:55:26 - reggie1@gmail.com logged in
INFO - 2017-04-25 15:55:31 - reggie1@gmail.com logged in
INFO - 2017-04-25 15:57:31 - reggie1@gmail.com logged in
INFO - 2017-04-25 16:24:42 - reggie1@gmail.com logged in
INFO - 2017-04-25 16:24:44 - reggie1@gmail.com logged in
INFO - 2017-04-25 16:24:53 - reggie1@gmail.com logged in
INFO - 2017-04-25 16:24:57 - reggie1@gmail.com logged in
INFO - 2017-04-25 16:25:43 - reggie1@gmail.com logged in
INFO - 2017-04-25 17:35:37 - reggie1@gmail.com logged in
INFO - 2017-04-25 17:42:27 - reggie1@gmail.com invite to apply 
INFO - 2017-04-25 18:00:59 - reggie1@gmail.com invite to apply 
INFO - 2017-04-25 18:07:38 - reggie1@gmail.com invite to apply 
INFO - 2017-04-25 18:09:01 - reggie1@gmail.com invite to apply 
INFO - 2017-04-25 18:11:22 - reggie1@gmail.com invite to apply 
INFO - 2017-04-25 18:12:52 - reggie1@gmail.com invite to apply 
INFO - 2017-04-25 18:36:25 - reggie1@gmail.com invite to apply 
INFO - 2017-04-25 18:36:30 - reggie1@gmail.com invite to apply 
INFO - 2017-04-25 22:20:51 - wan@gmail.com logged in
INFO - 2017-04-25 22:21:08 - wan@gmail.com logged in
INFO - 2017-04-25 22:37:46 - gecko@gmail.com full registration submit update
INFO - 2017-04-25 22:43:00 - gecko@gmail.com full registration submit update
INFO - 2017-04-25 22:52:01 - gecko@gmail.com full registration submit update
INFO - 2017-04-25 22:53:14 - gecko@gmail.com full registration submit update
INFO - 2017-04-25 23:18:53 - gecko@gmail.com full registration submit insert
INFO - 2017-04-25 23:19:38 - gecko@gmail.com full registration submit update
INFO - 2017-04-25 23:22:19 - sam@jobsly.net logged in
INFO - 2017-04-25 23:24:02 - sam@jobsly.net approved employerid=52
INFO - 2017-04-25 23:24:15 - gecko@gmail.com logged in
INFO - 2017-04-25 23:45:05 - bambam@gmail.com logged in
INFO - 2017-04-25 23:45:55 - reggie1@gmail.com logged in
INFO - 2017-04-25 23:50:51 - reggie1@gmail.com jobtemplates insert
INFO - 2017-04-25 23:56:53 - spot@gmail.com logged in
INFO - 2017-04-25 23:58:01 - bambam@gmail.com logged in
