INFO - 2017-02-25 00:00:54 - reg@jobsly.net workexperience insert
INFO - 2017-02-25 00:05:14 - reg@jobsly.net workexperience del
INFO - 2017-02-25 00:07:20 - reg@jobsly.net workexperience insert
INFO - 2017-02-25 00:08:31 - reg@jobsly.net workexperience del
INFO - 2017-02-25 14:09:09 - reg@jobsly.net workexperience insert
INFO - 2017-02-25 15:10:19 - reg@jobsly.net workexperience update
INFO - 2017-02-25 15:33:08 - reg@jobsly.net workexperience del 54
INFO - 2017-02-25 15:50:38 - reg@jobsly.net workexperience insert 0
INFO - 2017-02-25 15:52:02 - reg@jobsly.net workexperience del 55
INFO - 2017-02-25 15:54:59 - reg@jobsly.net workexperience insert 0
INFO - 2017-02-25 15:55:10 - reg@jobsly.net workexperience del 56
INFO - 2017-02-25 15:57:58 - reg@jobsly.net workexperience insert 0
INFO - 2017-02-25 15:58:23 - reg@jobsly.net workexperience del 57
INFO - 2017-02-25 15:59:02 - reg@jobsly.net workexperience insert 0
INFO - 2017-02-25 15:59:06 - reg@jobsly.net workexperience del 58
INFO - 2017-02-25 16:01:04 - reg@jobsly.net workexperience insert 0
INFO - 2017-02-25 16:01:09 - reg@jobsly.net workexperience del 59
INFO - 2017-02-25 16:04:20 - reg@jobsly.net workexperience insert 0
INFO - 2017-02-25 16:07:17 - reg@jobsly.net workexperience del 60
INFO - 2017-02-25 16:25:14 - reg@jobsly.net upload photo 
