INFO - 2017-05-07 00:09:20 - reggie1@gmail.com logged in
INFO - 2017-05-07 00:19:01 - reggie1@gmail.com logged in
INFO - 2017-05-07 00:19:38 - reggie1@gmail.com logged in
INFO - 2017-05-07 00:19:41 - reggie1@gmail.com logged in
INFO - 2017-05-07 00:27:12 - reggie@jobsly.net logged in
INFO - 2017-05-07 00:48:06 - reggie1@gmail.com logged in
INFO - 2017-05-07 00:48:45 - reggie1@gmail.com logged in
INFO - 2017-05-07 00:50:14 - reggie1@gmail.com logged in
INFO - 2017-05-07 00:51:31 - reggie1@gmail.com logged in
INFO - 2017-05-07 00:51:39 - reggie1@gmail.com logged in
INFO - 2017-05-07 00:52:15 - reggie1@gmail.com logged in
INFO - 2017-05-07 00:58:12 - reggie1@gmail.com logged in
INFO - 2017-05-07 01:01:40 - reggie1@gmail.com logged in
INFO - 2017-05-07 01:03:38 - reggie1@gmail.com logged in
INFO - 2017-05-07 01:03:55 - reggie1@gmail.com logged in
INFO - 2017-05-07 01:04:40 - reggie1@gmail.com logged in
INFO - 2017-05-07 01:05:34 - reggie1@gmail.com logged in
INFO - 2017-05-07 01:05:45 - reggie1@gmail.com logged in
INFO - 2017-05-07 01:06:30 - reggie1@gmail.com logged in
INFO - 2017-05-07 01:06:39 - reggie1@gmail.com logged in
INFO - 2017-05-07 01:06:58 - reggie1@gmail.com logged in
ERROR - 2017-05-07 01:11:42 - reggie1@gmail.com #0 C:\xampp\htdocs\jobsly\dashboard\Database.php(59): PDOStatement->execute()
#1 C:\xampp\htdocs\jobsly\dashboard\Database.php(72): Database->execute()
#2 C:\xampp\htdocs\jobsly\dashboard\searchresumes.php(297): Database->resultset()
#3 {main} SQLSTATE[42000]: Syntax error or access violation: 1064 You have an error in your SQL syntax; check the manual that corresponds to your MariaDB server version for the right syntax to use near 'and additionalinformation.userid=useraccounts.id 
                             ' at line 2
INFO - 2017-05-07 01:12:18 - reggie1@gmail.com logged in
ERROR - 2017-05-07 01:12:19 - reggie1@gmail.com #0 C:\xampp\htdocs\jobsly\dashboard\Database.php(59): PDOStatement->execute()
#1 C:\xampp\htdocs\jobsly\dashboard\Database.php(63): Database->execute()
#2 C:\xampp\htdocs\jobsly\dashboard\searchresumes.php(314): Database->single()
#3 {main} SQLSTATE[42S22]: Column not found: 1054 Unknown column 'colmajor' in 'field list'
INFO - 2017-05-07 01:13:12 - reggie1@gmail.com logged in
ERROR - 2017-05-07 01:13:13 - reggie1@gmail.com #0 C:\xampp\htdocs\jobsly\dashboard\Database.php(59): PDOStatement->execute()
#1 C:\xampp\htdocs\jobsly\dashboard\Database.php(63): Database->execute()
#2 C:\xampp\htdocs\jobsly\dashboard\searchresumes.php(314): Database->single()
#3 {main} SQLSTATE[42S22]: Column not found: 1054 Unknown column 'colmajor' in 'field list'
INFO - 2017-05-07 01:14:49 - reggie1@gmail.com logged in
ERROR - 2017-05-07 01:14:50 - reggie1@gmail.com #0 C:\xampp\htdocs\jobsly\dashboard\Database.php(59): PDOStatement->execute()
#1 C:\xampp\htdocs\jobsly\dashboard\Database.php(63): Database->execute()
#2 C:\xampp\htdocs\jobsly\dashboard\searchresumes.php(314): Database->single()
#3 {main} SQLSTATE[42S22]: Column not found: 1054 Unknown column 'useraccounts.id' in 'where clause'
INFO - 2017-05-07 01:15:37 - reggie1@gmail.com logged in
INFO - 2017-05-07 01:15:57 - reggie1@gmail.com logged in
INFO - 2017-05-07 01:36:28 - reggie1@gmail.com logged in
