INFO - 2017-04-21 00:30:29 - reggie@jobsly.net logged in
INFO - 2017-04-21 00:52:11 - reggie@jobsly.net logged in
INFO - 2017-04-21 01:20:44 - reggie1@gmail.com logged in
INFO - 2017-04-21 01:23:24 - reggie1@gmail.com jobtemplates update
INFO - 2017-04-21 01:28:29 - reggie1@gmail.com jobtemplates update
INFO - 2017-04-21 01:30:45 - reggie1@gmail.com jobtemplates update
INFO - 2017-04-21 01:32:48 - reggie1@gmail.com jobtemplates update
INFO - 2017-04-21 01:33:03 - reggie1@gmail.com jobtemplates update
INFO - 2017-04-21 01:33:12 - reggie1@gmail.com jobtemplates update
INFO - 2017-04-21 18:44:37 - reg@jobsly.net logged in
INFO - 2017-04-21 18:47:47 - reg@jobsly.net logged in
INFO - 2017-04-21 18:48:17 - reg@jobsly.net logged in
INFO - 2017-04-21 18:52:45 - reg@jobsly.net logged in
INFO - 2017-04-21 19:16:10 - reg@jobsly.net logged in
INFO - 2017-04-21 19:16:12 - reg@jobsly.net logged in
ERROR - 2017-04-21 19:16:18 - reg@jobsly.net #0 C:\xampp\htdocs\jobsly\dashboard\Database.php(59): PDOStatement->execute()
#1 C:\xampp\htdocs\jobsly\dashboard\Database.php(72): Database->execute()
#2 C:\xampp\htdocs\jobsly\dashboard\loadmorejobs.php(66): Database->resultset()
#3 {main} SQLSTATE[HY093]: Invalid parameter number: number of bound variables does not match number of tokens
ERROR - 2017-04-21 19:16:31 - reg@jobsly.net #0 C:\xampp\htdocs\jobsly\dashboard\Database.php(59): PDOStatement->execute()
#1 C:\xampp\htdocs\jobsly\dashboard\Database.php(72): Database->execute()
#2 C:\xampp\htdocs\jobsly\dashboard\loadmorejobs.php(66): Database->resultset()
#3 {main} SQLSTATE[HY093]: Invalid parameter number: no parameters were bound
INFO - SELECT * from jobads  where  specialization = :specialization  and  isactive=1  order by dateadded desc limit 6,12
ERROR - 2017-04-21 19:21:53 - reg@jobsly.net #0 C:\xampp\htdocs\jobsly\dashboard\Database.php(59): PDOStatement->execute()
#1 C:\xampp\htdocs\jobsly\dashboard\Database.php(72): Database->execute()
#2 C:\xampp\htdocs\jobsly\dashboard\loadmorejobs.php(66): Database->resultset()
#3 {main} SQLSTATE[HY093]: Invalid parameter number: no parameters were bound
INFO - SELECT * from jobads  where  specialization = :specialization  and  isactive=1  order by dateadded desc limit 6,12
ERROR - 2017-04-21 19:22:59 - reg@jobsly.net #0 C:\xampp\htdocs\jobsly\dashboard\Database.php(59): PDOStatement->execute()
#1 C:\xampp\htdocs\jobsly\dashboard\Database.php(72): Database->execute()
#2 C:\xampp\htdocs\jobsly\dashboard\loadmorejobs.php(66): Database->resultset()
#3 {main} SQLSTATE[HY093]: Invalid parameter number: no parameters were bound
INFO - SELECT * from jobads  where  specialization = :specialization  and  isactive=1  order by dateadded desc limit 6,12
ERROR - 2017-04-21 19:25:17 - reg@jobsly.net #0 C:\xampp\htdocs\jobsly\dashboard\Database.php(59): PDOStatement->execute()
#1 C:\xampp\htdocs\jobsly\dashboard\Database.php(72): Database->execute()
#2 C:\xampp\htdocs\jobsly\dashboard\loadmorejobs.php(66): Database->resultset()
#3 {main} SQLSTATE[HY093]: Invalid parameter number: no parameters were bound
INFO - 2017-04-21 19:28:42 - reg@jobsly.net logged in
INFO - 2017-04-21 19:29:11 - reg@jobsly.net logged in
INFO - 2017-04-21 19:29:13 - reg@jobsly.net logged in
INFO - 2017-04-21 19:29:31 - reg@jobsly.net logged in
INFO - SELECT * from jobads  where  (jobtitle like :search or jobdesc like :search)  specialization = :specialization  and  isactive=1  order by dateadded desc limit 3,12
ERROR - 2017-04-21 19:29:41 - reg@jobsly.net #0 C:\xampp\htdocs\jobsly\dashboard\Database.php(59): PDOStatement->execute()
#1 C:\xampp\htdocs\jobsly\dashboard\Database.php(72): Database->execute()
#2 C:\xampp\htdocs\jobsly\dashboard\loadmorejobs.php(66): Database->resultset()
#3 {main} SQLSTATE[HY093]: Invalid parameter number: number of bound variables does not match number of tokens
INFO - 2017-04-21 19:32:26 - reg@jobsly.net logged in
INFO - 2017-04-21 19:32:27 - reg@jobsly.net logged in
INFO - SELECT * from jobads  where  specialization = :specialization  and  isactive=1  order by dateadded desc limit 6,12
ERROR - 2017-04-21 19:32:42 - reg@jobsly.net #0 C:\xampp\htdocs\jobsly\dashboard\Database.php(59): PDOStatement->execute()
#1 C:\xampp\htdocs\jobsly\dashboard\Database.php(72): Database->execute()
#2 C:\xampp\htdocs\jobsly\dashboard\loadmorejobs.php(66): Database->resultset()
#3 {main} SQLSTATE[HY093]: Invalid parameter number: no parameters were bound
INFO - 2017-04-21 19:34:57 - reg@jobsly.net logged in
INFO - 2017-04-21 19:35:22 - reg@jobsly.net logged in
INFO - search=%web% undefined undefined
ERROR - 2017-04-21 19:35:26 - reg@jobsly.net #0 C:\xampp\htdocs\jobsly\dashboard\Database.php(59): PDOStatement->execute()
#1 C:\xampp\htdocs\jobsly\dashboard\Database.php(72): Database->execute()
#2 C:\xampp\htdocs\jobsly\dashboard\loadmorejobs.php(67): Database->resultset()
#3 {main} SQLSTATE[HY093]: Invalid parameter number: number of bound variables does not match number of tokens
INFO - 2017-04-21 19:36:23 - reg@jobsly.net logged in
INFO - search=%web% undefined undefined
ERROR - 2017-04-21 19:36:27 - reg@jobsly.net #0 C:\xampp\htdocs\jobsly\dashboard\Database.php(59): PDOStatement->execute()
#1 C:\xampp\htdocs\jobsly\dashboard\Database.php(72): Database->execute()
#2 C:\xampp\htdocs\jobsly\dashboard\loadmorejobs.php(67): Database->resultset()
#3 {main} SQLSTATE[HY093]: Invalid parameter number: number of bound variables does not match number of tokens
INFO - search=%web% undefined undefined
ERROR - 2017-04-21 19:37:38 - reg@jobsly.net #0 C:\xampp\htdocs\jobsly\dashboard\Database.php(59): PDOStatement->execute()
#1 C:\xampp\htdocs\jobsly\dashboard\Database.php(72): Database->execute()
#2 C:\xampp\htdocs\jobsly\dashboard\loadmorejobs.php(67): Database->resultset()
#3 {main} SQLSTATE[HY093]: Invalid parameter number: number of bound variables does not match number of tokens
INFO - 2017-04-21 19:39:31 - reg@jobsly.net logged in
INFO - 2017-04-21 19:39:32 - reg@jobsly.net logged in
INFO - search=%web% 0 0
ERROR - 2017-04-21 19:39:46 - reg@jobsly.net #0 C:\xampp\htdocs\jobsly\dashboard\Database.php(59): PDOStatement->execute()
#1 C:\xampp\htdocs\jobsly\dashboard\Database.php(72): Database->execute()
#2 C:\xampp\htdocs\jobsly\dashboard\loadmorejobs.php(67): Database->resultset()
#3 {main} SQLSTATE[HY093]: Invalid parameter number: number of bound variables does not match number of tokens
INFO - search=%web% 0 0
ERROR - 2017-04-21 19:43:07 - reg@jobsly.net #0 C:\xampp\htdocs\jobsly\dashboard\Database.php(59): PDOStatement->execute()
#1 C:\xampp\htdocs\jobsly\dashboard\Database.php(72): Database->execute()
#2 C:\xampp\htdocs\jobsly\dashboard\loadmorejobs.php(67): Database->resultset()
#3 {main} SQLSTATE[HY093]: Invalid parameter number: number of bound variables does not match number of tokens
