INFO - 2017-02-26 00:07:28 - reggie1@gmail.com logged in
INFO - 2017-02-26 00:09:25 - reggie1@gmail.com logged in
ERROR - 2017-02-26 00:35:34 - reggie1@gmail.com #0 C:\xampp\htdocs\jobsly\dashboard\Database.php(59): PDOStatement->execute()
#1 C:\xampp\htdocs\jobsly\dashboard\Database.php(72): Database->execute()
#2 C:\xampp\htdocs\jobsly\dashboard\employer-matchedres.php(95): Database->resultset()
#3 {main} SQLSTATE[42000]: Syntax error or access violation: 1064 You have an error in your SQL syntax; check the manual that corresponds to your MariaDB server version for the right syntax to use near 'additionalinformation.specialization='11'' at line 1
ERROR - 2017-02-26 00:36:41 - reggie1@gmail.com #0 C:\xampp\htdocs\jobsly\dashboard\Database.php(59): PDOStatement->execute()
#1 C:\xampp\htdocs\jobsly\dashboard\Database.php(72): Database->execute()
#2 C:\xampp\htdocs\jobsly\dashboard\employer-matchedres.php(95): Database->resultset()
#3 {main} SQLSTATE[42S22]: Column not found: 1054 Unknown column 'additionalinformation.position' in 'field list'
ERROR - 2017-02-26 00:36:47 - reggie1@gmail.com #0 C:\xampp\htdocs\jobsly\dashboard\Database.php(59): PDOStatement->execute()
#1 C:\xampp\htdocs\jobsly\dashboard\Database.php(72): Database->execute()
#2 C:\xampp\htdocs\jobsly\dashboard\employer-matchedres.php(95): Database->resultset()
#3 {main} SQLSTATE[42S22]: Column not found: 1054 Unknown column 'additionalinformation.position' in 'field list'
ERROR - 2017-02-26 01:35:40 - reggie1@gmail.com #0 C:\xampp\htdocs\jobsly\dashboard\Database.php(59): PDOStatement->execute()
#1 C:\xampp\htdocs\jobsly\dashboard\Database.php(63): Database->execute()
#2 C:\xampp\htdocs\jobsly\dashboard\employer-jobdetails.php(102): Database->single()
#3 {main} SQLSTATE[HY093]: Invalid parameter number: number of bound variables does not match number of tokens
ERROR - 2017-02-26 02:04:04 - reggie1@gmail.com #0 C:\xampp\htdocs\jobsly\dashboard\Database.php(59): PDOStatement->execute()
#1 C:\xampp\htdocs\jobsly\dashboard\Database.php(63): Database->execute()
#2 C:\xampp\htdocs\jobsly\dashboard\employer-jobdetails.php(102): Database->single()
#3 {main} SQLSTATE[HY093]: Invalid parameter number: number of bound variables does not match number of tokens
