ERROR - 2017-04-08 00:03:20 - reggie1@gmail.com #0 C:\xampp\htdocs\jobsly\dashboard\Database.php(59): PDOStatement->execute()
#1 C:\xampp\htdocs\jobsly\dashboard\Database.php(63): Database->execute()
#2 C:\xampp\htdocs\jobsly\dashboard\employer-loadshortlist.php(57): Database->single()
#3 {main} SQLSTATE[42S22]: Column not found: 1054 Unknown column 'dateapplied' in 'where clause'
ERROR - 2017-04-08 00:03:30 - reggie1@gmail.com #0 C:\xampp\htdocs\jobsly\dashboard\Database.php(59): PDOStatement->execute()
#1 C:\xampp\htdocs\jobsly\dashboard\Database.php(63): Database->execute()
#2 C:\xampp\htdocs\jobsly\dashboard\employer-loadshortlist.php(57): Database->single()
#3 {main} SQLSTATE[42S22]: Column not found: 1054 Unknown column 'dateapplied' in 'where clause'
ERROR - 2017-04-08 00:04:27 - reggie1@gmail.com #0 C:\xampp\htdocs\jobsly\dashboard\Database.php(59): PDOStatement->execute()
#1 C:\xampp\htdocs\jobsly\dashboard\Database.php(63): Database->execute()
#2 C:\xampp\htdocs\jobsly\dashboard\employer-loadshortlist.php(57): Database->single()
#3 {main} SQLSTATE[42S22]: Column not found: 1054 Unknown column 'datapplied' in 'field list'
ERROR - 2017-04-08 00:11:26 - reggie1@gmail.com #0 C:\xampp\htdocs\jobsly\dashboard\Database.php(59): PDOStatement->execute()
#1 C:\xampp\htdocs\jobsly\dashboard\Database.php(63): Database->execute()
#2 C:\xampp\htdocs\jobsly\dashboard\employer-loadnapps.php(57): Database->single()
#3 {main} SQLSTATE[42000]: Syntax error or access violation: 1064 You have an error in your SQL syntax; check the manual that corresponds to your MariaDB server version for the right syntax to use near ') order by dateadded desc' at line 1
ERROR - 2017-04-08 00:11:29 - reggie1@gmail.com #0 C:\xampp\htdocs\jobsly\dashboard\Database.php(59): PDOStatement->execute()
#1 C:\xampp\htdocs\jobsly\dashboard\Database.php(63): Database->execute()
#2 C:\xampp\htdocs\jobsly\dashboard\employer-loadnapps.php(57): Database->single()
#3 {main} SQLSTATE[42000]: Syntax error or access violation: 1064 You have an error in your SQL syntax; check the manual that corresponds to your MariaDB server version for the right syntax to use near ') order by dateadded desc' at line 1
ERROR - 2017-04-08 00:12:12 - reggie1@gmail.com #0 C:\xampp\htdocs\jobsly\dashboard\Database.php(59): PDOStatement->execute()
#1 C:\xampp\htdocs\jobsly\dashboard\Database.php(63): Database->execute()
#2 C:\xampp\htdocs\jobsly\dashboard\employer-loadnapps.php(57): Database->single()
#3 {main} SQLSTATE[42S22]: Column not found: 1054 Unknown column 'dateapplied' in 'where clause'
ERROR - 2017-04-08 00:12:13 - reggie1@gmail.com #0 C:\xampp\htdocs\jobsly\dashboard\Database.php(59): PDOStatement->execute()
#1 C:\xampp\htdocs\jobsly\dashboard\Database.php(63): Database->execute()
#2 C:\xampp\htdocs\jobsly\dashboard\employer-loadnapps.php(57): Database->single()
#3 {main} SQLSTATE[42S22]: Column not found: 1054 Unknown column 'dateapplied' in 'where clause'
ERROR - 2017-04-08 00:12:32 - reggie1@gmail.com #0 C:\xampp\htdocs\jobsly\dashboard\Database.php(59): PDOStatement->execute()
#1 C:\xampp\htdocs\jobsly\dashboard\Database.php(63): Database->execute()
#2 C:\xampp\htdocs\jobsly\dashboard\employer-loadnapps.php(57): Database->single()
#3 {main} SQLSTATE[42S22]: Column not found: 1054 Unknown column 'dateapplied' in 'field list'
ERROR - 2017-04-08 00:12:36 - reggie1@gmail.com #0 C:\xampp\htdocs\jobsly\dashboard\Database.php(59): PDOStatement->execute()
#1 C:\xampp\htdocs\jobsly\dashboard\Database.php(63): Database->execute()
#2 C:\xampp\htdocs\jobsly\dashboard\employer-loadnapps.php(57): Database->single()
#3 {main} SQLSTATE[42S22]: Column not found: 1054 Unknown column 'dateapplied' in 'field list'
ERROR - 2017-04-08 00:16:21 - reggie1@gmail.com #0 C:\xampp\htdocs\jobsly\dashboard\Database.php(59): PDOStatement->execute()
#1 C:\xampp\htdocs\jobsly\dashboard\Database.php(63): Database->execute()
#2 C:\xampp\htdocs\jobsly\dashboard\employer-loadnapps.php(57): Database->single()
#3 {main} SQLSTATE[HY093]: Invalid parameter number: number of bound variables does not match number of tokens
ERROR - 2017-04-08 00:17:09 - reggie1@gmail.com #0 C:\xampp\htdocs\jobsly\dashboard\Database.php(59): PDOStatement->execute()
#1 C:\xampp\htdocs\jobsly\dashboard\Database.php(63): Database->execute()
#2 C:\xampp\htdocs\jobsly\dashboard\employer-loadnapps.php(57): Database->single()
#3 {main} SQLSTATE[42000]: Syntax error or access violation: 1064 You have an error in your SQL syntax; check the manual that corresponds to your MariaDB server version for the right syntax to use near 'jobads.userid='28' and isactive=1) order by dateadded desc' at line 1
ERROR - 2017-04-08 00:17:13 - reggie1@gmail.com #0 C:\xampp\htdocs\jobsly\dashboard\Database.php(59): PDOStatement->execute()
#1 C:\xampp\htdocs\jobsly\dashboard\Database.php(63): Database->execute()
#2 C:\xampp\htdocs\jobsly\dashboard\employer-loadnapps.php(57): Database->single()
#3 {main} SQLSTATE[42000]: Syntax error or access violation: 1064 You have an error in your SQL syntax; check the manual that corresponds to your MariaDB server version for the right syntax to use near 'jobads.userid='28' and isactive=1) order by dateadded desc' at line 1
ERROR - 2017-04-08 00:19:20 - reggie1@gmail.com #0 C:\xampp\htdocs\jobsly\dashboard\Database.php(59): PDOStatement->execute()
#1 C:\xampp\htdocs\jobsly\dashboard\Database.php(72): Database->execute()
#2 C:\xampp\htdocs\jobsly\dashboard\employer-loadnapps.php(99): Database->resultset()
#3 {main} SQLSTATE[42000]: Syntax error or access violation: 1064 You have an error in your SQL syntax; check the manual that corresponds to your MariaDB server version for the right syntax to use near '' at line 8
ERROR - 2017-04-08 00:19:23 - reggie1@gmail.com #0 C:\xampp\htdocs\jobsly\dashboard\Database.php(59): PDOStatement->execute()
#1 C:\xampp\htdocs\jobsly\dashboard\Database.php(72): Database->execute()
#2 C:\xampp\htdocs\jobsly\dashboard\employer-loadnapps.php(99): Database->resultset()
#3 {main} SQLSTATE[42000]: Syntax error or access violation: 1064 You have an error in your SQL syntax; check the manual that corresponds to your MariaDB server version for the right syntax to use near '' at line 8
ERROR - 2017-04-08 00:19:49 - reggie1@gmail.com #0 C:\xampp\htdocs\jobsly\dashboard\Database.php(59): PDOStatement->execute()
#1 C:\xampp\htdocs\jobsly\dashboard\Database.php(72): Database->execute()
#2 C:\xampp\htdocs\jobsly\dashboard\employer-loadnapps.php(99): Database->resultset()
#3 {main} SQLSTATE[42000]: Syntax error or access violation: 1064 You have an error in your SQL syntax; check the manual that corresponds to your MariaDB server version for the right syntax to use near '' at line 8
ERROR - 2017-04-08 00:19:54 - reggie1@gmail.com #0 C:\xampp\htdocs\jobsly\dashboard\Database.php(59): PDOStatement->execute()
#1 C:\xampp\htdocs\jobsly\dashboard\Database.php(72): Database->execute()
#2 C:\xampp\htdocs\jobsly\dashboard\employer-loadnapps.php(99): Database->resultset()
#3 {main} SQLSTATE[42000]: Syntax error or access violation: 1064 You have an error in your SQL syntax; check the manual that corresponds to your MariaDB server version for the right syntax to use near '' at line 8
INFO - 2017-04-08 00:24:17 - reggie1@gmail.com logged in
ERROR - 2017-04-08 00:24:23 - reggie1@gmail.com #0 C:\xampp\htdocs\jobsly\dashboard\Database.php(59): PDOStatement->execute()
#1 C:\xampp\htdocs\jobsly\dashboard\Database.php(63): Database->execute()
#2 C:\xampp\htdocs\jobsly\dashboard\employer-activejobposts.php(95): Database->single()
#3 C:\xampp\htdocs\jobsly\dashboard\employer-main.php(269): include('C:\\xampp\\htdocs...')
#4 {main} SQLSTATE[42000]: Syntax error or access violation: 1064 You have an error in your SQL syntax; check the manual that corresponds to your MariaDB server version for the right syntax to use near 'or dateapplied='2017-04-08')) as napps,(select count(id) from jobapplications wh' at line 1
INFO - 2017-04-08 00:24:57 - reggie1@gmail.com logged in
INFO - 2017-04-08 00:58:18 - reggie1@gmail.com shortlisted to0 
INFO - 2017-04-08 00:58:28 - reggie1@gmail.com shortlisted to1 
INFO - 2017-04-08 01:10:00 - reggie1@gmail.com shortlisted to0 
INFO - 2017-04-08 01:10:09 - reggie1@gmail.com shortlisted to1 
INFO - 2017-04-08 01:10:21 - reggie1@gmail.com shortlisted to0 
INFO - 2017-04-08 01:10:24 - reggie1@gmail.com shortlisted to1 
INFO - 2017-04-08 01:16:16 - reggie1@gmail.com shortlisted to0 
INFO - 2017-04-08 01:16:20 - reggie1@gmail.com shortlisted to1 
INFO - 2017-04-08 01:16:42 - reggie1@gmail.com shortlisted to0 
INFO - 2017-04-08 01:17:54 - reggie1@gmail.com shortlisted to1 
INFO - 2017-04-08 01:19:49 - reggie1@gmail.com shortlisted to0 
INFO - 2017-04-08 01:19:52 - reggie1@gmail.com shortlisted to1 
INFO - 2017-04-08 01:20:07 - reggie1@gmail.com shortlisted to0 
INFO - 2017-04-08 01:20:19 - reggie1@gmail.com rejected an application 
INFO - 2017-04-08 01:24:12 - reggie1@gmail.com rejected an application 
INFO - 2017-04-08 01:30:32 - reggie1@gmail.com rejected an application 
ERROR - 2017-04-08 01:30:32 - reggie1@gmail.com #0 C:\xampp\htdocs\jobsly\dashboard\Database.php(59): PDOStatement->execute()
#1 C:\xampp\htdocs\jobsly\dashboard\Database.php(63): Database->execute()
#2 C:\xampp\htdocs\jobsly\dashboard\employer-rejectformsubmit.php(31): Database->single()
#3 {main} SQLSTATE[42000]: Syntax error or access violation: 1064 You have an error in your SQL syntax; check the manual that corresponds to your MariaDB server version for the right syntax to use near '(select count(id) from jobapplications where jobid='119' and isshortlisted=1 and' at line 1
INFO - 2017-04-08 01:30:42 - reggie1@gmail.com rejected an application 
ERROR - 2017-04-08 01:30:42 - reggie1@gmail.com #0 C:\xampp\htdocs\jobsly\dashboard\Database.php(59): PDOStatement->execute()
#1 C:\xampp\htdocs\jobsly\dashboard\Database.php(63): Database->execute()
#2 C:\xampp\htdocs\jobsly\dashboard\employer-rejectformsubmit.php(31): Database->single()
#3 {main} SQLSTATE[42000]: Syntax error or access violation: 1064 You have an error in your SQL syntax; check the manual that corresponds to your MariaDB server version for the right syntax to use near '(select count(id) from jobapplications where jobid='119' and isshortlisted=1 and' at line 1
INFO - 2017-04-08 01:38:00 - reggie1@gmail.com shortlisted to1 
INFO - 2017-04-08 01:38:05 - reggie1@gmail.com rejected an application 
INFO - 2017-04-08 01:40:19 - reggie1@gmail.com rejected an application 
