INFO - 2017-04-18 17:44:06 - goldie@gmail.com logged in
INFO - 2017-04-18 17:48:44 - goldie@gmail.com logged in
INFO - 2017-04-18 17:56:19 - sam@jobsly.net logged in
INFO - 2017-04-18 20:26:58 - goldie@gmail.com logged in
INFO - 2017-04-18 20:28:06 - goldie@gmail.com logged
INFO - 2017-04-18 20:30:54 - goldie@gmail.com logged in
INFO - 2017-04-18 20:31:07 - goldie@gmail.com logged
INFO - 2017-04-18 20:31:14 - goldie@gmail.com logged in
INFO - 2017-04-18 20:31:40 - goldie@gmail.com logged in
INFO - 2017-04-18 20:32:27 - toya@gmail.com logged in
INFO - 2017-04-18 20:33:57 - toya@gmail.com logged in
INFO - 2017-04-18 20:34:29 - toya@gmail.com logged in
INFO - 2017-04-18 20:34:54 - toya@gmail.com logged in
INFO - 2017-04-18 20:39:17 - spot@gmail.com logged in
INFO - 2017-04-18 20:39:49 - lightning@gmail.com logged in
INFO - 2017-04-18 20:39:58 - lightning@gmail.com workexperience del 43
INFO - 2017-04-18 20:40:01 - lightning@gmail.com workexperience del 44
INFO - 2017-04-18 20:40:29 - lightning@gmail.com insert job application
INFO - 2017-04-18 20:41:23 - toya@gmail.com logged in
INFO - 2017-04-18 20:44:22 - sam@jobsly.net logged in
INFO - 2017-04-18 20:45:44 - lightning@gmail.com logged in
INFO - 2017-04-18 20:46:15 - lightning@gmail.com insert job application
INFO - 2017-04-18 20:46:42 - toya@gmail.com logged in
INFO - 2017-04-18 20:46:55 - toya@gmail.com insert job application
INFO - 2017-04-18 20:49:38 - bambam@gmail.com logged in
INFO - 2017-04-18 20:50:28 - lightning@gmail.com logged in
INFO - 2017-04-18 20:51:07 - bambam@gmail.com logged in
INFO - 2017-04-18 20:52:11 - bambam@gmail.com logged in
INFO - 2017-04-18 20:56:20 - bogo@gmail.com logged in
INFO - 2017-04-18 20:56:43 - bogo@gmail.com logged
INFO - 2017-04-18 20:56:43 - bogo@gmail.com logged
INFO - 2017-04-18 20:57:05 - bambam@gmail.com logged in
INFO - 2017-04-18 22:29:32 - reg@jobsly.net logged in
INFO - 2017-04-18 23:27:31 - reg@jobsly.net workexperience insert 0
