ERROR - 2017-05-04 00:15:37 - reggie1@gmail.com #0 C:\xampp\htdocs\jobsly\dashboard\Database.php(59): PDOStatement->execute()
#1 C:\xampp\htdocs\jobsly\dashboard\Database.php(63): Database->execute()
#2 C:\xampp\htdocs\jobsly\dashboard\printableresume.php(50): Database->single()
#3 {main} SQLSTATE[42000]: Syntax error or access violation: 1064 You have an error in your SQL syntax; check the manual that corresponds to your MariaDB server version for the right syntax to use near 'and startdate = (select max(startdate) from workexperience where workexperience.' at line 1
ERROR - 2017-05-04 00:15:53 - reggie1@gmail.com #0 C:\xampp\htdocs\jobsly\dashboard\Database.php(59): PDOStatement->execute()
#1 C:\xampp\htdocs\jobsly\dashboard\Database.php(63): Database->execute()
#2 C:\xampp\htdocs\jobsly\dashboard\printableresume.php(50): Database->single()
#3 {main} SQLSTATE[42000]: Syntax error or access violation: 1064 You have an error in your SQL syntax; check the manual that corresponds to your MariaDB server version for the right syntax to use near 'and startdate = (select max(startdate) from workexperience where workexperience.' at line 1
ERROR - 2017-05-04 00:20:00 - reggie1@gmail.com #0 C:\xampp\htdocs\jobsly\dashboard\Database.php(59): PDOStatement->execute()
#1 C:\xampp\htdocs\jobsly\dashboard\Database.php(63): Database->execute()
#2 C:\xampp\htdocs\jobsly\dashboard\viewresume-newpage.php(200): Database->single()
#3 {main} SQLSTATE[42000]: Syntax error or access violation: 1064 You have an error in your SQL syntax; check the manual that corresponds to your MariaDB server version for the right syntax to use near 'selectfname,lname,mname, photo from personalinformation,useraccounts where perso' at line 1
INFO - 2017-05-04 00:30:59 - reggie1@gmail.com logged in
INFO - 2017-05-04 00:31:50 - reggie1@gmail.com logged in
INFO - 2017-05-04 00:32:07 - reggie1@gmail.com logged in
INFO - 2017-05-04 00:33:01 - reggie1@gmail.com logged in
INFO - 2017-05-04 00:33:29 - reggie1@gmail.com logged in
INFO - 2017-05-04 00:34:21 - reggie1@gmail.com logged in
INFO - 2017-05-04 00:34:28 - reggie1@gmail.com logged in
INFO - 2017-05-04 00:34:55 - reg@jobsly.net logged in
INFO - 2017-05-04 00:40:20 - reg@jobsly.net logged in
INFO - 2017-05-04 00:46:24 - reggie@jobsly.net logged in
INFO - 2017-05-04 00:46:29 - reggie@jobsly.net logged in
INFO - 2017-05-04 00:57:43 - reg@jobsly.net logged in
INFO - search= 0 
INFO - search= 0 
