INFO - 2017-04-03 22:47:27 - reggie@jobsly.net logged in
ERROR - 2017-04-03 22:50:55 - reggie@jobsly.net #0 C:\xampp\htdocs\jobsly\dashboard\Database.php(59): PDOStatement->execute()
#1 C:\xampp\htdocs\jobsly\dashboard\Database.php(72): Database->execute()
#2 C:\xampp\htdocs\jobsly\dashboard\admin-employerslist.php(99): Database->resultset()
#3 C:\xampp\htdocs\jobsly\dashboard\admin-employers.php(250): include('C:\\xampp\\htdocs...')
#4 {main} SQLSTATE[23000]: Integrity constraint violation: 1052 Column 'id' in field list is ambiguous
ERROR - 2017-04-03 22:51:20 - reggie@jobsly.net #0 C:\xampp\htdocs\jobsly\dashboard\Database.php(59): PDOStatement->execute()
#1 C:\xampp\htdocs\jobsly\dashboard\Database.php(72): Database->execute()
#2 C:\xampp\htdocs\jobsly\dashboard\admin-employerslist.php(99): Database->resultset()
#3 C:\xampp\htdocs\jobsly\dashboard\admin-employers.php(250): include('C:\\xampp\\htdocs...')
#4 {main} SQLSTATE[23000]: Integrity constraint violation: 1052 Column 'id' in field list is ambiguous
ERROR - 2017-04-03 23:00:11 - reggie@jobsly.net #0 C:\xampp\htdocs\jobsly\dashboard\Database.php(59): PDOStatement->execute()
#1 C:\xampp\htdocs\jobsly\dashboard\Database.php(72): Database->execute()
#2 C:\xampp\htdocs\jobsly\dashboard\admin-employerslist.php(99): Database->resultset()
#3 {main} SQLSTATE[42000]: Syntax error or access violation: 1064 You have an error in your SQL syntax; check the manual that corresponds to your MariaDB server version for the right syntax to use near 'companyinfo.companyname from useraccounts,companyinfo where useraccounts.id=comp' at line 1
ERROR - 2017-04-03 23:00:33 - reggie@jobsly.net #0 C:\xampp\htdocs\jobsly\dashboard\Database.php(59): PDOStatement->execute()
#1 C:\xampp\htdocs\jobsly\dashboard\Database.php(72): Database->execute()
#2 C:\xampp\htdocs\jobsly\dashboard\admin-employerslist.php(99): Database->resultset()
#3 {main} SQLSTATE[42000]: Syntax error or access violation: 1064 You have an error in your SQL syntax; check the manual that corresponds to your MariaDB server version for the right syntax to use near 'companyinfo.companyname from useraccounts,companyinfo where useraccounts.id=comp' at line 1
ERROR - 2017-04-03 23:00:39 - reggie@jobsly.net #0 C:\xampp\htdocs\jobsly\dashboard\Database.php(59): PDOStatement->execute()
#1 C:\xampp\htdocs\jobsly\dashboard\Database.php(72): Database->execute()
#2 C:\xampp\htdocs\jobsly\dashboard\admin-employerslist.php(99): Database->resultset()
#3 {main} SQLSTATE[42000]: Syntax error or access violation: 1064 You have an error in your SQL syntax; check the manual that corresponds to your MariaDB server version for the right syntax to use near 'companyinfo.companyname from useraccounts,companyinfo where useraccounts.id=comp' at line 1
ERROR - 2017-04-03 23:00:40 - reggie@jobsly.net #0 C:\xampp\htdocs\jobsly\dashboard\Database.php(59): PDOStatement->execute()
#1 C:\xampp\htdocs\jobsly\dashboard\Database.php(72): Database->execute()
#2 C:\xampp\htdocs\jobsly\dashboard\admin-employerslist.php(99): Database->resultset()
#3 {main} SQLSTATE[42000]: Syntax error or access violation: 1064 You have an error in your SQL syntax; check the manual that corresponds to your MariaDB server version for the right syntax to use near 'companyinfo.companyname from useraccounts,companyinfo where useraccounts.id=comp' at line 1
ERROR - 2017-04-03 23:00:49 - reggie@jobsly.net #0 C:\xampp\htdocs\jobsly\dashboard\Database.php(59): PDOStatement->execute()
#1 C:\xampp\htdocs\jobsly\dashboard\Database.php(72): Database->execute()
#2 C:\xampp\htdocs\jobsly\dashboard\admin-employerslist.php(99): Database->resultset()
#3 {main} SQLSTATE[42000]: Syntax error or access violation: 1064 You have an error in your SQL syntax; check the manual that corresponds to your MariaDB server version for the right syntax to use near 'companyinfo.companyname from useraccounts,companyinfo where useraccounts.id=comp' at line 1
ERROR - 2017-04-03 23:01:03 - reggie@jobsly.net #0 C:\xampp\htdocs\jobsly\dashboard\Database.php(59): PDOStatement->execute()
#1 C:\xampp\htdocs\jobsly\dashboard\Database.php(72): Database->execute()
#2 C:\xampp\htdocs\jobsly\dashboard\admin-employerslist.php(99): Database->resultset()
#3 {main} SQLSTATE[42000]: Syntax error or access violation: 1064 You have an error in your SQL syntax; check the manual that corresponds to your MariaDB server version for the right syntax to use near 'companyinfo.companyname from useraccounts,companyinfo where useraccounts.id=comp' at line 1
INFO - 2017-04-03 23:13:34 - reggie@jobsly.net full registration submit update
INFO - 2017-04-03 23:13:52 - reggie@jobsly.net full registration submit update
INFO - 2017-04-03 23:14:03 - reggie@jobsly.net full registration submit update
INFO - 2017-04-03 23:14:16 - reggie@jobsly.net full registration submit update
INFO - 2017-04-03 23:14:33 - reggie@jobsly.net full registration submit update
