INFO - 2017-05-13 00:01:44 - reggie1@gmail.com logged in
INFO - 2017-05-13 01:07:21 - reggie1@gmail.com jobtemplates update
INFO - 2017-05-13 01:07:34 - reggie1@gmail.com jobtemplates update
INFO - 2017-05-13 02:36:45 - reggie1@gmail.com jobtemplates delete id=undefined
INFO - 2017-05-13 02:45:27 - reggie1@gmail.com jobtemplates delete id=undefined
INFO - 2017-05-13 02:48:14 - reggie1@gmail.com jobtemplates delete id=73
INFO - 2017-05-13 11:55:35 - reggie1@gmail.com logged in
INFO - 2017-05-13 12:06:16 - reggie1@gmail.com jobad insert
INFO - 2017-05-13 12:06:25 - reggie1@gmail.com jobad update
INFO - 2017-05-13 12:06:36 - reggie1@gmail.com jobskill insert
INFO - 2017-05-13 12:07:12 - reggie1@gmail.com jobskill insert
INFO - 2017-05-13 12:07:41 - reggie1@gmail.com jobskill insert
INFO - 2017-05-13 12:07:42 - reggie1@gmail.com jobskill insert
INFO - 2017-05-13 12:08:07 - reggie1@gmail.com jobskill insert
INFO - 2017-05-13 12:08:59 - reggie1@gmail.com jobad insert
INFO - 2017-05-13 12:08:59 - reggie1@gmail.com jobskills insert
INFO - 2017-05-13 12:08:59 - reggie1@gmail.com jobskills insert
INFO - 2017-05-13 12:08:59 - reggie1@gmail.com jobskills insert
INFO - 2017-05-13 12:09:58 - reggie1@gmail.com jobad insert
INFO - 2017-05-13 12:09:58 - reggie1@gmail.com jobskills insert
INFO - 2017-05-13 12:09:58 - reggie1@gmail.com jobskills insert
INFO - 2017-05-13 12:09:58 - reggie1@gmail.com jobskills insert
INFO - 2017-05-13 13:04:25 - reggie1@gmail.com shortlisted to1 
INFO - 2017-05-13 13:07:59 - reggie1@gmail.com shortlisted to1 
INFO - 2017-05-13 13:08:04 - reggie1@gmail.com shortlisted to1 
INFO - 2017-05-13 13:23:16 - reggie1@gmail.com shortlisted to0 
INFO - 2017-05-13 13:27:08 - reggie1@gmail.com shortlisted to0 
INFO - 2017-05-13 13:34:28 - reg@jobsly.net logged in
INFO - 2017-05-13 15:59:01 - reg@jobsly.net logged in
INFO -  (jobtitle like :search or jobdesc like :search)  
INFO - search=web  
INFO - search=%web%  
