INFO - 2017-04-04 00:02:17 - reggie@yahoo.com full registration submit insert
INFO - 2017-04-04 00:03:38 - reggie@jobsly.net logged in
INFO - 2017-04-04 00:04:58 - reggie@jobsly.net activate 47
INFO - 2017-04-04 00:05:12 - reggie@yahoo.com logged in
INFO - 2017-04-04 00:06:25 - reggie@yahoo.com logged in
INFO - 2017-04-04 00:20:41 - reg@jobsly.net logged in
INFO - 2017-04-04 00:21:25 - reggie@jobsly.net logged in
INFO - 2017-04-04 00:23:30 - reggie@jobsly.net logged in
INFO - 2017-04-04 00:23:51 - reggie@jobsly.net upload logo 
INFO - 2017-04-04 00:23:58 - reggie@jobsly.net delete header employerid=28
INFO - 2017-04-04 00:24:05 - reggie@jobsly.net upload logo 
INFO - 2017-04-04 00:24:18 - reg@jobsly.net logged in
INFO - 2017-04-04 00:24:44 - reggie@jobsly.net logged in
INFO - 2017-04-04 00:25:10 - reggie@jobsly.net delete header employerid=28
INFO - 2017-04-04 15:29:27 - bambam@gmail.com logged in
INFO - 2017-04-04 15:39:57 - bambam@gmail.com logged in
INFO - 2017-04-04 15:41:49 - bambam@gmail.com logged in
INFO - 2017-04-04 15:42:32 - bambam@gmail.com jobtemplates update
INFO - 2017-04-04 15:45:13 - bambam@gmail.com logged in
INFO - 2017-04-04 15:46:00 - bambam@gmail.com full registration submit update
INFO - 2017-04-04 15:46:12 - bambam@gmail.com full registration submit update
INFO - 2017-04-04 15:46:45 - bambam@gmail.com logged in
INFO - 2017-04-04 15:48:44 - bambam@gmail.com logged in
INFO - 2017-04-04 15:49:10 - bambam@gmail.com logged in
INFO - 2017-04-04 15:50:20 - bambam@gmail.com logged in
INFO - 2017-04-04 15:50:30 - bambam@gmail.com logged in
INFO - 2017-04-04 15:55:07 - sam@jobsly.net logged in
INFO - 2017-04-04 16:40:03 - sam@jobsly.net logged in
INFO - 2017-04-04 16:41:14 - sam@jobsly.net logged in
INFO - 2017-04-04 16:47:01 - sam@jobsly.net logged in
INFO - 2017-04-04 16:47:17 - sam@jobsly.net logged in
INFO - 2017-04-04 17:11:35 - sampretty@gmail.com full registration submit insert
INFO - 2017-04-04 17:11:51 - sam@jobsly.net logged in
INFO - 2017-04-04 17:13:20 - sampretty@gmail.com full registration submit insert
INFO - 2017-04-04 17:14:33 - sampretty@gmail.com full registration submit insert
INFO - 2017-04-04 17:14:41 - sam@jobsly.net logged in
INFO - 2017-04-04 17:15:33 - sam@jobsly.net approved employerid=48
INFO - 2017-04-04 17:15:39 - sam@jobsly.net logged in
INFO - 2017-04-04 17:16:01 - sampretty@gmail.com logged in
INFO - 2017-04-04 17:17:52 - sam@jobsly.net deactivate 48
INFO - 2017-04-04 17:18:55 - sam@jobsly.net logged in
INFO - 2017-04-04 17:19:02 - sam@jobsly.net approved employerid=48
INFO - 2017-04-04 17:19:39 - sam@jobsly.net deactivate 48
INFO - 2017-04-04 17:20:54 - sampretty@gmail.com full registration submit insert
INFO - 2017-04-04 17:39:15 - sam@jobsly.net logged in
INFO - 2017-04-04 17:40:47 - wandro@gmail.com full registration submit insert
INFO - 2017-04-04 17:41:00 - sam@jobsly.net logged in
INFO - 2017-04-04 17:41:30 - sam@jobsly.net approved employerid=48
INFO - 2017-04-04 17:41:46 - sam@jobsly.net deactivate 48
INFO - 2017-04-04 17:41:55 - sam@jobsly.net logged in
INFO - 2017-04-04 17:42:10 - wandro@gmail.com full registration submit insert
INFO - 2017-04-04 17:43:45 - sam@jobsly.net full registration submit update
INFO - 2017-04-04 17:45:32 - sam@jobsly.net activate 49
INFO - 2017-04-04 17:45:46 - wandro@gmail.com logged in
INFO - 2017-04-04 17:45:51 - wandro@gmail.com logged in
INFO - 2017-04-04 17:46:17 - wandro@gmail.com full registration submit update
INFO - 2017-04-04 17:47:23 - sam@jobsly.net deactivate 49
INFO - 2017-04-04 17:47:49 - sam@jobsly.net full registration submit update
INFO - 2017-04-04 17:47:58 - sam@jobsly.net logged in
INFO - 2017-04-04 17:50:26 - sam@jobsly.net approved employerid=50
INFO - 2017-04-04 17:50:39 - sam@jobsly.net logged in
INFO - 2017-04-04 17:50:57 - dro@gmail.com logged in
INFO - 2017-04-04 17:55:14 - wan@gmail.com full registration submit insert
INFO - 2017-04-04 17:56:59 - dro@gmail.com full registration submit insert
INFO - 2017-04-04 17:57:17 - sam@jobsly.net logged in
INFO - 2017-04-04 18:01:15 - bambam@gmail.com logged in
INFO - 2017-04-04 18:04:15 - sam@jobsly.net approved jobid=118
INFO - 2017-04-04 18:04:41 - bambam@gmail.com logged in
INFO - 2017-04-04 18:20:22 - sam@jobsly.net deactivate 118
INFO - 2017-04-04 18:20:27 - bambam@gmail.com logged in
INFO - 2017-04-04 18:20:49 - sam@jobsly.net activate 118
INFO - 2017-04-04 18:26:34 - bambam@gmail.com logged in
INFO - 2017-04-04 18:28:05 - bambam@gmail.com logged in
INFO - 2017-04-04 21:57:46 - sam@jobsly.net logged in
INFO - 2017-04-04 23:14:55 - reggie1@gmail.com logged in
INFO - 2017-04-04 23:36:13 - reggie1@gmail.com rejected an application 
INFO - 2017-04-04 23:44:11 - reggie1@gmail.com rejected an application 
INFO - 2017-04-04 23:45:54 - reggie1@gmail.com rejected an application 
INFO - 2017-04-04 23:50:04 - reggie1@gmail.com shortlisted to0 
INFO - 2017-04-04 23:51:57 - reggie1@gmail.com logged in
